2025-09-08T14:08:31.027-06:00  INFO 13100 --- [student-app] [main] org.student.app.StudentAppApplication    : Starting StudentAppApplication using Java 22.0.2 with PID 13100 (C:\Users\Ruben\Documents\VSCode\student-app\target\classes started by Ruben in C:\Users\Ruben\Documents\VSCode\student-app)
2025-09-08T14:08:31.038-06:00  INFO 13100 --- [student-app] [main] org.student.app.StudentAppApplication    : No active profile set, falling back to 1 default profile: "default"
2025-09-08T14:09:15.372-06:00  INFO 13100 --- [student-app] [main] .s.d.r.c.RepositoryConfigurationDelegate : Bootstrapping Spring Data JPA repositories in DEFAULT mode.
2025-09-08T14:09:17.865-06:00  INFO 13100 --- [student-app] [main] .s.d.r.c.RepositoryConfigurationDelegate : Finished Spring Data repository scanning in 2015 ms. Found 1 JPA repository interface.
2025-09-08T14:09:39.280-06:00  INFO 13100 --- [student-app] [main] o.s.b.w.embedded.tomcat.TomcatWebServer  : Tomcat initialized with port 8080 (http)
2025-09-08T14:09:39.635-06:00  INFO 13100 --- [student-app] [main] o.apache.catalina.core.StandardService   : Starting service [Tomcat]
2025-09-08T14:09:39.637-06:00  INFO 13100 --- [student-app] [main] o.apache.catalina.core.StandardEngine    : Starting Servlet engine: [Apache Tomcat/10.1.42]
2025-09-08T14:09:41.187-06:00  INFO 13100 --- [student-app] [main] o.a.c.c.C.[Tomcat].[localhost].[/]       : Initializing Spring embedded WebApplicationContext
2025-09-08T14:09:41.189-06:00  INFO 13100 --- [student-app] [main] w.s.c.ServletWebServerApplicationContext : Root WebApplicationContext: initialization completed in 67263 ms
2025-09-08T14:09:47.291-06:00  INFO 13100 --- [student-app] [main] o.hibernate.jpa.internal.util.LogHelper  : HHH000204: Processing PersistenceUnitInfo [name: default]
2025-09-08T14:09:51.202-06:00  INFO 13100 --- [student-app] [main] org.hibernate.Version                    : HHH000412: Hibernate ORM core version 6.6.18.Final
2025-09-08T14:09:52.177-06:00  INFO 13100 --- [student-app] [main] o.h.c.internal.RegionFactoryInitiator    : HHH000026: Second-level cache disabled
2025-09-08T14:10:00.609-06:00  INFO 13100 --- [student-app] [main] o.s.o.j.p.SpringPersistenceUnitInfo      : No LoadTimeWeaver setup: ignoring JPA class transformer
2025-09-08T14:10:01.736-06:00  INFO 13100 --- [student-app] [main] com.zaxxer.hikari.HikariDataSource       : HikariPool-1 - Starting...
2025-09-08T14:10:24.141-06:00  INFO 13100 --- [student-app] [main] com.zaxxer.hikari.pool.HikariPool        : HikariPool-1 - Added connection com.mysql.cj.jdbc.ConnectionImpl@b529d7e
2025-09-08T14:10:24.147-06:00  INFO 13100 --- [student-app] [main] com.zaxxer.hikari.HikariDataSource       : HikariPool-1 - Start completed.
2025-09-08T14:10:27.270-06:00  WARN 13100 --- [student-app] [main] org.hibernate.orm.deprecation            : HHH90000025: MySQL8Dialect does not need to be specified explicitly using 'hibernate.dialect' (remove the property setting and it will be selected by default)
2025-09-08T14:10:27.274-06:00  WARN 13100 --- [student-app] [main] org.hibernate.orm.deprecation            : HHH90000026: MySQL8Dialect has been deprecated; use org.hibernate.dialect.MySQLDialect instead
2025-09-08T14:10:27.800-06:00  INFO 13100 --- [student-app] [main] org.hibernate.orm.connections.pooling    : HHH10001005: Database info:
	Database JDBC URL [Connecting through datasource 'HikariDataSource (HikariPool-1)']
	Database driver: undefined/unknown
	Database version: 8.0
	Autocommit mode: undefined/unknown
	Isolation level: undefined/unknown
	Minimum pool size: undefined/unknown
	Maximum pool size: undefined/unknown
2025-09-08T14:10:37.326-06:00  INFO 13100 --- [student-app] [main] o.h.e.t.j.p.i.JtaPlatformInitiator       : HHH000489: No JTA platform available (set 'hibernate.transaction.jta.platform' to enable JTA platform integration)
2025-09-08T14:10:38.312-06:00  INFO 13100 --- [student-app] [main] j.LocalContainerEntityManagerFactoryBean : Initialized JPA EntityManagerFactory for persistence unit 'default'
2025-09-08T14:10:41.309-06:00  WARN 13100 --- [student-app] [main] JpaBaseConfiguration$JpaWebConfiguration : spring.jpa.open-in-view is enabled by default. Therefore, database queries may be performed during view rendering. Explicitly configure spring.jpa.open-in-view to disable this warning
2025-09-08T14:10:42.693-06:00  INFO 13100 --- [student-app] [main] o.s.v.b.OptionalValidatorFactoryBean     : Failed to set up a Bean Validation provider: jakarta.validation.NoProviderFoundException: Unable to create a Configuration, because no Jakarta Bean Validation provider could be found. Add a provider like Hibernate Validator (RI) to your classpath.
2025-09-08T14:10:50.634-06:00  INFO 13100 --- [student-app] [main] o.s.b.a.e.web.EndpointLinksResolver      : Exposing 14 endpoints beneath base path '/actuator'
2025-09-08T14:10:52.192-06:00  INFO 13100 --- [student-app] [main] o.s.b.w.embedded.tomcat.TomcatWebServer  : Tomcat started on port 8080 (http) with context path '/'
2025-09-08T14:10:52.272-06:00  INFO 13100 --- [student-app] [main] org.student.app.StudentAppApplication    : Started StudentAppApplication in 170.678 seconds (process running for 175.558)
2025-09-08T14:22:24.430-06:00  INFO 13100 --- [student-app] [http-nio-8080-exec-1] o.a.c.c.C.[Tomcat].[localhost].[/]       : Initializing Spring DispatcherServlet 'dispatcherServlet'
2025-09-08T14:22:24.431-06:00  INFO 13100 --- [student-app] [http-nio-8080-exec-1] o.s.web.servlet.DispatcherServlet        : Initializing Servlet 'dispatcherServlet'
2025-09-08T14:22:24.436-06:00  INFO 13100 --- [student-app] [http-nio-8080-exec-1] o.s.web.servlet.DispatcherServlet        : Completed initialization in 3 ms
2025-09-08T14:22:25.168-06:00  INFO 13100 --- [student-app] [http-nio-8080-exec-1] o.s.app.controller.StudentController     : Fetching all students
2025-09-08T14:22:25.967-06:00 DEBUG 13100 --- [student-app] [http-nio-8080-exec-1] org.hibernate.SQL                        : 
    /* <criteria> */ select
        s1_0.id,
        s1_0.email,
        s1_0.name,
        s1_0.phone 
    from
        student s1_0
2025-09-08T14:26:06.507-06:00  INFO 13100 --- [student-app] [http-nio-8080-exec-4] o.s.app.controller.StudentController     : Fetching all students
2025-09-08T14:26:06.526-06:00 DEBUG 13100 --- [student-app] [http-nio-8080-exec-4] org.hibernate.SQL                        : 
    /* <criteria> */ select
        s1_0.id,
        s1_0.email,
        s1_0.name,
        s1_0.phone 
    from
        student s1_0
2025-09-08T14:26:19.790-06:00  INFO 13100 --- [student-app] [SpringApplicationShutdownHook] o.s.b.w.e.tomcat.GracefulShutdown        : Commencing graceful shutdown. Waiting for active requests to complete
2025-09-08T14:26:19.819-06:00  INFO 13100 --- [student-app] [tomcat-shutdown] o.s.b.w.e.tomcat.GracefulShutdown        : Graceful shutdown complete
2025-09-08T14:26:20.685-06:00  INFO 13100 --- [student-app] [SpringApplicationShutdownHook] j.LocalContainerEntityManagerFactoryBean : Closing JPA EntityManagerFactory for persistence unit 'default'
2025-09-08T14:26:21.047-06:00  INFO 13100 --- [student-app] [SpringApplicationShutdownHook] com.zaxxer.hikari.HikariDataSource       : HikariPool-1 - Shutdown initiated...
2025-09-08T14:26:22.160-06:00  INFO 13100 --- [student-app] [SpringApplicationShutdownHook] com.zaxxer.hikari.HikariDataSource       : HikariPool-1 - Shutdown completed.
2025-09-08T14:29:15.978-06:00  INFO 9632 --- [student-app] [main] org.student.app.StudentAppApplication    : Starting StudentAppApplication using Java 22.0.2 with PID 9632 (C:\Users\Ruben\Documents\VSCode\student-app\target\classes started by Ruben in C:\Users\Ruben\Documents\VSCode\student-app)
2025-09-08T14:29:16.010-06:00  INFO 9632 --- [student-app] [main] org.student.app.StudentAppApplication    : No active profile set, falling back to 1 default profile: "default"
2025-09-08T14:29:29.239-06:00  INFO 9632 --- [student-app] [main] .s.d.r.c.RepositoryConfigurationDelegate : Bootstrapping Spring Data JPA repositories in DEFAULT mode.
2025-09-08T14:29:29.794-06:00  INFO 9632 --- [student-app] [main] .s.d.r.c.RepositoryConfigurationDelegate : Finished Spring Data repository scanning in 337 ms. Found 1 JPA repository interface.
2025-09-08T14:29:34.310-06:00  INFO 9632 --- [student-app] [main] o.s.b.w.embedded.tomcat.TomcatWebServer  : Tomcat initialized with port 8080 (http)
2025-09-08T14:29:34.584-06:00  INFO 9632 --- [student-app] [main] o.apache.catalina.core.StandardService   : Starting service [Tomcat]
2025-09-08T14:29:34.587-06:00  INFO 9632 --- [student-app] [main] o.apache.catalina.core.StandardEngine    : Starting Servlet engine: [Apache Tomcat/10.1.42]
2025-09-08T14:29:35.307-06:00  INFO 9632 --- [student-app] [main] o.a.c.c.C.[Tomcat].[localhost].[/]       : Initializing Spring embedded WebApplicationContext
2025-09-08T14:29:35.313-06:00  INFO 9632 --- [student-app] [main] w.s.c.ServletWebServerApplicationContext : Root WebApplicationContext: initialization completed in 18890 ms
2025-09-08T14:29:37.349-06:00  INFO 9632 --- [student-app] [main] o.hibernate.jpa.internal.util.LogHelper  : HHH000204: Processing PersistenceUnitInfo [name: default]
2025-09-08T14:29:37.841-06:00  INFO 9632 --- [student-app] [main] org.hibernate.Version                    : HHH000412: Hibernate ORM core version 6.6.18.Final
2025-09-08T14:29:38.128-06:00  INFO 9632 --- [student-app] [main] o.h.c.internal.RegionFactoryInitiator    : HHH000026: Second-level cache disabled
2025-09-08T14:29:40.856-06:00  INFO 9632 --- [student-app] [main] o.s.o.j.p.SpringPersistenceUnitInfo      : No LoadTimeWeaver setup: ignoring JPA class transformer
2025-09-08T14:29:41.170-06:00  INFO 9632 --- [student-app] [main] com.zaxxer.hikari.HikariDataSource       : HikariPool-1 - Starting...
2025-09-08T14:29:44.060-06:00  INFO 9632 --- [student-app] [main] com.zaxxer.hikari.pool.HikariPool        : HikariPool-1 - Added connection com.mysql.cj.jdbc.ConnectionImpl@745cf754
2025-09-08T14:29:44.121-06:00  INFO 9632 --- [student-app] [main] com.zaxxer.hikari.HikariDataSource       : HikariPool-1 - Start completed.
2025-09-08T14:29:44.658-06:00  WARN 9632 --- [student-app] [main] org.hibernate.orm.deprecation            : HHH90000025: MySQL8Dialect does not need to be specified explicitly using 'hibernate.dialect' (remove the property setting and it will be selected by default)
2025-09-08T14:29:44.694-06:00  WARN 9632 --- [student-app] [main] org.hibernate.orm.deprecation            : HHH90000026: MySQL8Dialect has been deprecated; use org.hibernate.dialect.MySQLDialect instead
2025-09-08T14:29:44.929-06:00  INFO 9632 --- [student-app] [main] org.hibernate.orm.connections.pooling    : HHH10001005: Database info:
	Database JDBC URL [Connecting through datasource 'HikariDataSource (HikariPool-1)']
	Database driver: undefined/unknown
	Database version: 8.0
	Autocommit mode: undefined/unknown
	Isolation level: undefined/unknown
	Minimum pool size: undefined/unknown
	Maximum pool size: undefined/unknown
2025-09-08T14:29:50.085-06:00  INFO 9632 --- [student-app] [main] o.h.e.t.j.p.i.JtaPlatformInitiator       : HHH000489: No JTA platform available (set 'hibernate.transaction.jta.platform' to enable JTA platform integration)
2025-09-08T14:29:51.006-06:00  INFO 9632 --- [student-app] [main] j.LocalContainerEntityManagerFactoryBean : Initialized JPA EntityManagerFactory for persistence unit 'default'
2025-09-08T14:29:52.831-06:00  WARN 9632 --- [student-app] [main] JpaBaseConfiguration$JpaWebConfiguration : spring.jpa.open-in-view is enabled by default. Therefore, database queries may be performed during view rendering. Explicitly configure spring.jpa.open-in-view to disable this warning
2025-09-08T14:29:53.217-06:00  INFO 9632 --- [student-app] [main] o.s.v.b.OptionalValidatorFactoryBean     : Failed to set up a Bean Validation provider: jakarta.validation.NoProviderFoundException: Unable to create a Configuration, because no Jakarta Bean Validation provider could be found. Add a provider like Hibernate Validator (RI) to your classpath.
2025-09-08T14:29:57.823-06:00  INFO 9632 --- [student-app] [main] o.s.b.a.e.web.EndpointLinksResolver      : Exposing 14 endpoints beneath base path '/actuator'
2025-09-08T14:29:58.873-06:00  INFO 9632 --- [student-app] [main] o.s.b.w.embedded.tomcat.TomcatWebServer  : Tomcat started on port 8080 (http) with context path '/'
2025-09-08T14:29:58.978-06:00  INFO 9632 --- [student-app] [main] org.student.app.StudentAppApplication    : Started StudentAppApplication in 48.885 seconds (process running for 53.147)
2025-09-08T14:33:27.393-06:00  INFO 9632 --- [student-app] [http-nio-8080-exec-1] o.a.c.c.C.[Tomcat].[localhost].[/]       : Initializing Spring DispatcherServlet 'dispatcherServlet'
2025-09-08T14:33:27.394-06:00  INFO 9632 --- [student-app] [http-nio-8080-exec-1] o.s.web.servlet.DispatcherServlet        : Initializing Servlet 'dispatcherServlet'
2025-09-08T14:33:27.401-06:00  INFO 9632 --- [student-app] [http-nio-8080-exec-1] o.s.web.servlet.DispatcherServlet        : Completed initialization in 5 ms
2025-09-08T14:33:27.796-06:00  INFO 9632 --- [student-app] [http-nio-8080-exec-1] o.s.app.controller.StudentController     : Fetching all students
2025-09-08T14:33:28.191-06:00 DEBUG 9632 --- [student-app] [http-nio-8080-exec-1] org.hibernate.SQL                        : 
    /* <criteria> */ select
        s1_0.id,
        s1_0.email,
        s1_0.name,
        s1_0.phone 
    from
        student s1_0
2025-09-08T14:33:32.074-06:00  INFO 9632 --- [student-app] [http-nio-8080-exec-3] o.s.app.controller.StudentController     : Showing add student form
2025-09-08T14:34:34.956-06:00  INFO 9632 --- [student-app] [http-nio-8080-exec-8] o.s.app.controller.StudentController     : Fetching all students
2025-09-08T14:34:34.970-06:00 DEBUG 9632 --- [student-app] [http-nio-8080-exec-8] org.hibernate.SQL                        : 
    /* <criteria> */ select
        s1_0.id,
        s1_0.email,
        s1_0.name,
        s1_0.phone 
    from
        student s1_0
2025-09-08T14:34:37.556-06:00  INFO 9632 --- [student-app] [http-nio-8080-exec-9] o.s.app.controller.StudentController     : Fetching all students
2025-09-08T14:34:37.565-06:00 DEBUG 9632 --- [student-app] [http-nio-8080-exec-9] org.hibernate.SQL                        : 
    /* <criteria> */ select
        s1_0.id,
        s1_0.email,
        s1_0.name,
        s1_0.phone 
    from
        student s1_0
2025-09-08T14:37:07.033-06:00  INFO 9632 --- [student-app] [SpringApplicationShutdownHook] o.s.b.w.e.tomcat.GracefulShutdown        : Commencing graceful shutdown. Waiting for active requests to complete
2025-09-08T14:37:07.098-06:00  INFO 9632 --- [student-app] [tomcat-shutdown] o.s.b.w.e.tomcat.GracefulShutdown        : Graceful shutdown complete
2025-09-08T14:37:07.282-06:00  INFO 9632 --- [student-app] [SpringApplicationShutdownHook] j.LocalContainerEntityManagerFactoryBean : Closing JPA EntityManagerFactory for persistence unit 'default'
2025-09-08T14:37:07.366-06:00  INFO 9632 --- [student-app] [SpringApplicationShutdownHook] com.zaxxer.hikari.HikariDataSource       : HikariPool-1 - Shutdown initiated...
2025-09-08T14:37:07.714-06:00  INFO 9632 --- [student-app] [SpringApplicationShutdownHook] com.zaxxer.hikari.HikariDataSource       : HikariPool-1 - Shutdown completed.
2025-09-08T14:39:01.650-06:00  INFO 11596 --- [student-app] [main] org.student.app.StudentAppApplication    : Starting StudentAppApplication using Java 22.0.2 with PID 11596 (C:\Users\Ruben\Documents\VSCode\student-app\target\classes started by Ruben in C:\Users\Ruben\Documents\VSCode\student-app)
2025-09-08T14:39:02.005-06:00  INFO 11596 --- [student-app] [main] org.student.app.StudentAppApplication    : No active profile set, falling back to 1 default profile: "default"
2025-09-08T14:39:18.901-06:00  INFO 11596 --- [student-app] [main] .s.d.r.c.RepositoryConfigurationDelegate : Bootstrapping Spring Data JPA repositories in DEFAULT mode.
2025-09-08T14:39:19.434-06:00  INFO 11596 --- [student-app] [main] .s.d.r.c.RepositoryConfigurationDelegate : Finished Spring Data repository scanning in 358 ms. Found 1 JPA repository interface.
2025-09-08T14:39:26.651-06:00  INFO 11596 --- [student-app] [main] o.s.b.w.embedded.tomcat.TomcatWebServer  : Tomcat initialized with port 8080 (http)
2025-09-08T14:39:26.852-06:00  INFO 11596 --- [student-app] [main] o.apache.catalina.core.StandardService   : Starting service [Tomcat]
2025-09-08T14:39:26.856-06:00  INFO 11596 --- [student-app] [main] o.apache.catalina.core.StandardEngine    : Starting Servlet engine: [Apache Tomcat/10.1.42]
2025-09-08T14:39:27.583-06:00  INFO 11596 --- [student-app] [main] o.a.c.c.C.[Tomcat].[localhost].[/]       : Initializing Spring embedded WebApplicationContext
2025-09-08T14:39:27.586-06:00  INFO 11596 --- [student-app] [main] w.s.c.ServletWebServerApplicationContext : Root WebApplicationContext: initialization completed in 24149 ms
2025-09-08T14:39:30.175-06:00  INFO 11596 --- [student-app] [main] o.hibernate.jpa.internal.util.LogHelper  : HHH000204: Processing PersistenceUnitInfo [name: default]
2025-09-08T14:39:30.628-06:00  INFO 11596 --- [student-app] [main] org.hibernate.Version                    : HHH000412: Hibernate ORM core version 6.6.18.Final
2025-09-08T14:39:30.934-06:00  INFO 11596 --- [student-app] [main] o.h.c.internal.RegionFactoryInitiator    : HHH000026: Second-level cache disabled
2025-09-08T14:39:33.759-06:00  INFO 11596 --- [student-app] [main] o.s.o.j.p.SpringPersistenceUnitInfo      : No LoadTimeWeaver setup: ignoring JPA class transformer
2025-09-08T14:39:34.097-06:00  INFO 11596 --- [student-app] [main] com.zaxxer.hikari.HikariDataSource       : HikariPool-1 - Starting...
2025-09-08T14:39:37.717-06:00  INFO 11596 --- [student-app] [main] com.zaxxer.hikari.pool.HikariPool        : HikariPool-1 - Added connection com.mysql.cj.jdbc.ConnectionImpl@6595ffce
2025-09-08T14:39:37.756-06:00  INFO 11596 --- [student-app] [main] com.zaxxer.hikari.HikariDataSource       : HikariPool-1 - Start completed.
2025-09-08T14:39:38.665-06:00  WARN 11596 --- [student-app] [main] org.hibernate.orm.deprecation            : HHH90000025: MySQL8Dialect does not need to be specified explicitly using 'hibernate.dialect' (remove the property setting and it will be selected by default)
2025-09-08T14:39:38.676-06:00  WARN 11596 --- [student-app] [main] org.hibernate.orm.deprecation            : HHH90000026: MySQL8Dialect has been deprecated; use org.hibernate.dialect.MySQLDialect instead
2025-09-08T14:39:38.891-06:00  INFO 11596 --- [student-app] [main] org.hibernate.orm.connections.pooling    : HHH10001005: Database info:
	Database JDBC URL [Connecting through datasource 'HikariDataSource (HikariPool-1)']
	Database driver: undefined/unknown
	Database version: 8.0
	Autocommit mode: undefined/unknown
	Isolation level: undefined/unknown
	Minimum pool size: undefined/unknown
	Maximum pool size: undefined/unknown
2025-09-08T14:40:09.047-06:00  INFO 11596 --- [student-app] [main] o.h.e.t.j.p.i.JtaPlatformInitiator       : HHH000489: No JTA platform available (set 'hibernate.transaction.jta.platform' to enable JTA platform integration)
2025-09-08T14:40:09.636-06:00  INFO 11596 --- [student-app] [main] j.LocalContainerEntityManagerFactoryBean : Initialized JPA EntityManagerFactory for persistence unit 'default'
2025-09-08T14:40:14.468-06:00  WARN 11596 --- [student-app] [main] JpaBaseConfiguration$JpaWebConfiguration : spring.jpa.open-in-view is enabled by default. Therefore, database queries may be performed during view rendering. Explicitly configure spring.jpa.open-in-view to disable this warning
2025-09-08T14:40:15.085-06:00  INFO 11596 --- [student-app] [main] o.s.v.b.OptionalValidatorFactoryBean     : Failed to set up a Bean Validation provider: jakarta.validation.NoProviderFoundException: Unable to create a Configuration, because no Jakarta Bean Validation provider could be found. Add a provider like Hibernate Validator (RI) to your classpath.
2025-09-08T14:40:22.881-06:00  INFO 11596 --- [student-app] [main] o.s.b.a.e.web.EndpointLinksResolver      : Exposing 14 endpoints beneath base path '/actuator'
2025-09-08T14:40:23.561-06:00  INFO 11596 --- [student-app] [main] o.s.b.w.embedded.tomcat.TomcatWebServer  : Tomcat started on port 8080 (http) with context path '/'
2025-09-08T14:40:23.665-06:00  INFO 11596 --- [student-app] [main] org.student.app.StudentAppApplication    : Started StudentAppApplication in 106.988 seconds (process running for 135.789)
2025-09-08T14:41:06.869-06:00  INFO 11596 --- [student-app] [http-nio-8080-exec-1] o.a.c.c.C.[Tomcat].[localhost].[/]       : Initializing Spring DispatcherServlet 'dispatcherServlet'
2025-09-08T14:41:06.873-06:00  INFO 11596 --- [student-app] [http-nio-8080-exec-1] o.s.web.servlet.DispatcherServlet        : Initializing Servlet 'dispatcherServlet'
2025-09-08T14:41:06.881-06:00  INFO 11596 --- [student-app] [http-nio-8080-exec-1] o.s.web.servlet.DispatcherServlet        : Completed initialization in 5 ms
2025-09-08T14:41:07.571-06:00  INFO 11596 --- [student-app] [http-nio-8080-exec-1] o.s.app.controller.StudentController     : Fetching all students
2025-09-08T14:41:08.024-06:00 DEBUG 11596 --- [student-app] [http-nio-8080-exec-1] org.hibernate.SQL                        : 
    /* <criteria> */ select
        s1_0.id,
        s1_0.email,
        s1_0.name,
        s1_0.phone 
    from
        student s1_0
2025-09-08T14:41:11.438-06:00  INFO 11596 --- [student-app] [http-nio-8080-exec-2] o.s.app.controller.StudentController     : Showing add student form
2025-09-08T14:41:35.917-06:00  INFO 11596 --- [student-app] [http-nio-8080-exec-4] o.s.app.controller.StudentController     : Adding new student: Suncho Matzumoto
2025-09-08T14:41:36.082-06:00 DEBUG 11596 --- [student-app] [http-nio-8080-exec-4] org.hibernate.SQL                        : 
    /* insert for
        org.student.app.model.Student */insert 
    into
        student (email, name, phone) 
    values
        (?, ?, ?)
2025-09-08T14:42:43.777-06:00  INFO 11596 --- [student-app] [http-nio-8080-exec-7] o.s.app.controller.StudentController     : Fetching all students
2025-09-08T14:42:43.791-06:00 DEBUG 11596 --- [student-app] [http-nio-8080-exec-7] org.hibernate.SQL                        : 
    /* <criteria> */ select
        s1_0.id,
        s1_0.email,
        s1_0.name,
        s1_0.phone 
    from
        student s1_0
2025-09-08T14:42:54.015-06:00  INFO 11596 --- [student-app] [SpringApplicationShutdownHook] o.s.b.w.e.tomcat.GracefulShutdown        : Commencing graceful shutdown. Waiting for active requests to complete
2025-09-08T14:42:54.065-06:00  INFO 11596 --- [student-app] [tomcat-shutdown] o.s.b.w.e.tomcat.GracefulShutdown        : Graceful shutdown complete
2025-09-08T14:42:54.095-06:00  INFO 11596 --- [student-app] [SpringApplicationShutdownHook] j.LocalContainerEntityManagerFactoryBean : Closing JPA EntityManagerFactory for persistence unit 'default'
2025-09-08T14:42:54.349-06:00  INFO 11596 --- [student-app] [SpringApplicationShutdownHook] com.zaxxer.hikari.HikariDataSource       : HikariPool-1 - Shutdown initiated...
2025-09-08T14:42:54.643-06:00  INFO 11596 --- [student-app] [SpringApplicationShutdownHook] com.zaxxer.hikari.HikariDataSource       : HikariPool-1 - Shutdown completed.
2025-09-08T14:44:01.617-06:00  INFO 12264 --- [student-app] [main] org.student.app.StudentAppApplication    : Starting StudentAppApplication using Java 22.0.2 with PID 12264 (C:\Users\Ruben\Documents\VSCode\student-app\target\classes started by Ruben in C:\Users\Ruben\Documents\VSCode\student-app)
2025-09-08T14:44:01.638-06:00  INFO 12264 --- [student-app] [main] org.student.app.StudentAppApplication    : No active profile set, falling back to 1 default profile: "default"
2025-09-08T14:44:11.278-06:00  INFO 12264 --- [student-app] [main] .s.d.r.c.RepositoryConfigurationDelegate : Bootstrapping Spring Data JPA repositories in DEFAULT mode.
2025-09-08T14:44:11.662-06:00  INFO 12264 --- [student-app] [main] .s.d.r.c.RepositoryConfigurationDelegate : Finished Spring Data repository scanning in 299 ms. Found 1 JPA repository interface.
2025-09-08T14:44:14.880-06:00  INFO 12264 --- [student-app] [main] o.s.b.w.embedded.tomcat.TomcatWebServer  : Tomcat initialized with port 8080 (http)
2025-09-08T14:44:15.020-06:00  INFO 12264 --- [student-app] [main] o.apache.catalina.core.StandardService   : Starting service [Tomcat]
2025-09-08T14:44:15.030-06:00  INFO 12264 --- [student-app] [main] o.apache.catalina.core.StandardEngine    : Starting Servlet engine: [Apache Tomcat/10.1.42]
2025-09-08T14:44:15.636-06:00  INFO 12264 --- [student-app] [main] o.a.c.c.C.[Tomcat].[localhost].[/]       : Initializing Spring embedded WebApplicationContext
2025-09-08T14:44:15.638-06:00  INFO 12264 --- [student-app] [main] w.s.c.ServletWebServerApplicationContext : Root WebApplicationContext: initialization completed in 13468 ms
2025-09-08T14:44:17.471-06:00  INFO 12264 --- [student-app] [main] o.hibernate.jpa.internal.util.LogHelper  : HHH000204: Processing PersistenceUnitInfo [name: default]
2025-09-08T14:44:17.841-06:00  INFO 12264 --- [student-app] [main] org.hibernate.Version                    : HHH000412: Hibernate ORM core version 6.6.18.Final
2025-09-08T14:44:17.987-06:00  INFO 12264 --- [student-app] [main] o.h.c.internal.RegionFactoryInitiator    : HHH000026: Second-level cache disabled
2025-09-08T14:44:19.996-06:00  INFO 12264 --- [student-app] [main] o.s.o.j.p.SpringPersistenceUnitInfo      : No LoadTimeWeaver setup: ignoring JPA class transformer
2025-09-08T14:44:20.344-06:00  INFO 12264 --- [student-app] [main] com.zaxxer.hikari.HikariDataSource       : HikariPool-1 - Starting...
2025-09-08T14:44:22.954-06:00  INFO 12264 --- [student-app] [main] com.zaxxer.hikari.pool.HikariPool        : HikariPool-1 - Added connection com.mysql.cj.jdbc.ConnectionImpl@745cf754
2025-09-08T14:44:22.963-06:00  INFO 12264 --- [student-app] [main] com.zaxxer.hikari.HikariDataSource       : HikariPool-1 - Start completed.
2025-09-08T14:44:23.592-06:00  WARN 12264 --- [student-app] [main] org.hibernate.orm.deprecation            : HHH90000025: MySQL8Dialect does not need to be specified explicitly using 'hibernate.dialect' (remove the property setting and it will be selected by default)
2025-09-08T14:44:23.599-06:00  WARN 12264 --- [student-app] [main] org.hibernate.orm.deprecation            : HHH90000026: MySQL8Dialect has been deprecated; use org.hibernate.dialect.MySQLDialect instead
2025-09-08T14:44:23.811-06:00  INFO 12264 --- [student-app] [main] org.hibernate.orm.connections.pooling    : HHH10001005: Database info:
	Database JDBC URL [Connecting through datasource 'HikariDataSource (HikariPool-1)']
	Database driver: undefined/unknown
	Database version: 8.0
	Autocommit mode: undefined/unknown
	Isolation level: undefined/unknown
	Minimum pool size: undefined/unknown
	Maximum pool size: undefined/unknown
2025-09-08T14:44:28.347-06:00  INFO 12264 --- [student-app] [main] o.h.e.t.j.p.i.JtaPlatformInitiator       : HHH000489: No JTA platform available (set 'hibernate.transaction.jta.platform' to enable JTA platform integration)
2025-09-08T14:44:28.719-06:00  INFO 12264 --- [student-app] [main] j.LocalContainerEntityManagerFactoryBean : Initialized JPA EntityManagerFactory for persistence unit 'default'
2025-09-08T14:44:30.207-06:00  WARN 12264 --- [student-app] [main] JpaBaseConfiguration$JpaWebConfiguration : spring.jpa.open-in-view is enabled by default. Therefore, database queries may be performed during view rendering. Explicitly configure spring.jpa.open-in-view to disable this warning
2025-09-08T14:44:30.523-06:00  INFO 12264 --- [student-app] [main] o.s.v.b.OptionalValidatorFactoryBean     : Failed to set up a Bean Validation provider: jakarta.validation.NoProviderFoundException: Unable to create a Configuration, because no Jakarta Bean Validation provider could be found. Add a provider like Hibernate Validator (RI) to your classpath.
2025-09-08T14:44:34.089-06:00  INFO 12264 --- [student-app] [main] o.s.b.a.e.web.EndpointLinksResolver      : Exposing 14 endpoints beneath base path '/actuator'
2025-09-08T14:44:34.726-06:00  INFO 12264 --- [student-app] [main] o.s.b.w.embedded.tomcat.TomcatWebServer  : Tomcat started on port 8080 (http) with context path '/'
2025-09-08T14:44:34.874-06:00  INFO 12264 --- [student-app] [main] org.student.app.StudentAppApplication    : Started StudentAppApplication in 36.918 seconds (process running for 39.878)
2025-09-08T14:46:15.513-06:00  INFO 12264 --- [student-app] [http-nio-8080-exec-1] o.a.c.c.C.[Tomcat].[localhost].[/]       : Initializing Spring DispatcherServlet 'dispatcherServlet'
2025-09-08T14:46:15.516-06:00  INFO 12264 --- [student-app] [http-nio-8080-exec-1] o.s.web.servlet.DispatcherServlet        : Initializing Servlet 'dispatcherServlet'
2025-09-08T14:46:15.523-06:00  INFO 12264 --- [student-app] [http-nio-8080-exec-1] o.s.web.servlet.DispatcherServlet        : Completed initialization in 4 ms
2025-09-08T14:46:15.860-06:00  INFO 12264 --- [student-app] [http-nio-8080-exec-1] o.s.app.controller.StudentController     : Fetching all students
2025-09-08T14:46:16.308-06:00 DEBUG 12264 --- [student-app] [http-nio-8080-exec-1] org.hibernate.SQL                        : 
    /* <criteria> */ select
        s1_0.id,
        s1_0.email,
        s1_0.name,
        s1_0.phone 
    from
        student s1_0
2025-09-08T14:46:20.816-06:00  INFO 12264 --- [student-app] [http-nio-8080-exec-2] o.s.app.controller.StudentController     : Showing edit student form for ID: 6
2025-09-08T14:46:20.885-06:00 DEBUG 12264 --- [student-app] [http-nio-8080-exec-2] org.hibernate.SQL                        : 
    select
        s1_0.id,
        s1_0.email,
        s1_0.name,
        s1_0.phone 
    from
        student s1_0 
    where
        s1_0.id=?
2025-09-08T14:46:28.641-06:00  INFO 12264 --- [student-app] [http-nio-8080-exec-4] o.s.app.controller.StudentController     : Editing student with ID: 6
2025-09-08T14:46:30.285-06:00 DEBUG 12264 --- [student-app] [http-nio-8080-exec-4] org.hibernate.SQL                        : 
    /* select
        count(*) 
    from
        Student x 
    WHERE
        x.id = :id */ select
            count(*) 
        from
            student s1_0 
        where
            s1_0.id=?
2025-09-08T14:46:30.548-06:00 DEBUG 12264 --- [student-app] [http-nio-8080-exec-4] org.hibernate.SQL                        : 
    select
        s1_0.id,
        s1_0.email,
        s1_0.name,
        s1_0.phone 
    from
        student s1_0 
    where
        s1_0.id=?
2025-09-08T14:46:30.686-06:00 DEBUG 12264 --- [student-app] [http-nio-8080-exec-4] org.hibernate.SQL                        : 
    /* update
        for org.student.app.model.Student */update student 
    set
        email=?,
        name=?,
        phone=? 
    where
        id=?
2025-09-08T14:46:32.047-06:00  INFO 12264 --- [student-app] [http-nio-8080-exec-5] o.s.app.controller.StudentController     : Fetching all students
2025-09-08T14:46:32.059-06:00 DEBUG 12264 --- [student-app] [http-nio-8080-exec-5] org.hibernate.SQL                        : 
    /* <criteria> */ select
        s1_0.id,
        s1_0.email,
        s1_0.name,
        s1_0.phone 
    from
        student s1_0
2025-09-08T14:46:37.434-06:00  INFO 12264 --- [student-app] [http-nio-8080-exec-7] o.s.app.controller.StudentController     : Showing add student form
2025-09-08T14:46:40.801-06:00  INFO 12264 --- [student-app] [http-nio-8080-exec-8] o.s.app.controller.StudentController     : Fetching all students
2025-09-08T14:46:40.819-06:00 DEBUG 12264 --- [student-app] [http-nio-8080-exec-8] org.hibernate.SQL                        : 
    /* <criteria> */ select
        s1_0.id,
        s1_0.email,
        s1_0.name,
        s1_0.phone 
    from
        student s1_0
2025-09-08T14:47:09.942-06:00  INFO 12264 --- [student-app] [http-nio-8080-exec-10] o.s.app.controller.StudentController     : Showing add student form
2025-09-08T14:48:42.073-06:00  INFO 12264 --- [student-app] [http-nio-8080-exec-2] o.s.app.controller.StudentController     : Adding new student: Pancho Lee
2025-09-08T14:48:42.094-06:00 DEBUG 12264 --- [student-app] [http-nio-8080-exec-2] org.hibernate.SQL                        : 
    /* insert for
        org.student.app.model.Student */insert 
    into
        student (email, name, phone) 
    values
        (?, ?, ?)
2025-09-08T14:48:42.836-06:00  INFO 12264 --- [student-app] [http-nio-8080-exec-3] o.s.app.controller.StudentController     : Fetching all students
2025-09-08T14:48:42.842-06:00 DEBUG 12264 --- [student-app] [http-nio-8080-exec-3] org.hibernate.SQL                        : 
    /* <criteria> */ select
        s1_0.id,
        s1_0.email,
        s1_0.name,
        s1_0.phone 
    from
        student s1_0
2025-09-08T14:53:52.584-06:00  INFO 12264 --- [student-app] [http-nio-8080-exec-3] o.springdoc.api.AbstractOpenApiResource  : Init duration for springdoc-openapi is: 1406 ms
2025-09-08T15:07:41.722-06:00  INFO 12264 --- [student-app] [SpringApplicationShutdownHook] o.s.b.w.e.tomcat.GracefulShutdown        : Commencing graceful shutdown. Waiting for active requests to complete
2025-09-08T15:07:41.749-06:00  INFO 12264 --- [student-app] [tomcat-shutdown] o.s.b.w.e.tomcat.GracefulShutdown        : Graceful shutdown complete
2025-09-08T15:07:41.884-06:00  INFO 12264 --- [student-app] [SpringApplicationShutdownHook] j.LocalContainerEntityManagerFactoryBean : Closing JPA EntityManagerFactory for persistence unit 'default'
2025-09-08T15:07:41.978-06:00  INFO 12264 --- [student-app] [SpringApplicationShutdownHook] com.zaxxer.hikari.HikariDataSource       : HikariPool-1 - Shutdown initiated...
2025-09-08T15:07:42.050-06:00  INFO 12264 --- [student-app] [SpringApplicationShutdownHook] com.zaxxer.hikari.HikariDataSource       : HikariPool-1 - Shutdown completed.
2025-09-08T15:08:41.065-06:00  INFO 1888 --- [student-app] [main] org.student.app.StudentAppApplication    : Starting StudentAppApplication using Java 22.0.2 with PID 1888 (C:\Users\Ruben\Documents\VSCode\student-app\target\classes started by Ruben in C:\Users\Ruben\Documents\VSCode\student-app)
2025-09-08T15:08:41.144-06:00  INFO 1888 --- [student-app] [main] org.student.app.StudentAppApplication    : No active profile set, falling back to 1 default profile: "default"
2025-09-08T15:08:47.673-06:00  INFO 1888 --- [student-app] [main] .s.d.r.c.RepositoryConfigurationDelegate : Bootstrapping Spring Data JPA repositories in DEFAULT mode.
2025-09-08T15:08:47.962-06:00  INFO 1888 --- [student-app] [main] .s.d.r.c.RepositoryConfigurationDelegate : Finished Spring Data repository scanning in 261 ms. Found 1 JPA repository interface.
2025-09-08T15:08:50.720-06:00  INFO 1888 --- [student-app] [main] o.s.b.w.embedded.tomcat.TomcatWebServer  : Tomcat initialized with port 8080 (http)
2025-09-08T15:08:50.851-06:00  INFO 1888 --- [student-app] [main] o.apache.catalina.core.StandardService   : Starting service [Tomcat]
2025-09-08T15:08:50.853-06:00  INFO 1888 --- [student-app] [main] o.apache.catalina.core.StandardEngine    : Starting Servlet engine: [Apache Tomcat/10.1.42]
2025-09-08T15:08:51.333-06:00  INFO 1888 --- [student-app] [main] o.a.c.c.C.[Tomcat].[localhost].[/]       : Initializing Spring embedded WebApplicationContext
2025-09-08T15:08:51.336-06:00  INFO 1888 --- [student-app] [main] w.s.c.ServletWebServerApplicationContext : Root WebApplicationContext: initialization completed in 9784 ms
2025-09-08T15:08:52.865-06:00  INFO 1888 --- [student-app] [main] o.hibernate.jpa.internal.util.LogHelper  : HHH000204: Processing PersistenceUnitInfo [name: default]
2025-09-08T15:08:53.207-06:00  INFO 1888 --- [student-app] [main] org.hibernate.Version                    : HHH000412: Hibernate ORM core version 6.6.18.Final
2025-09-08T15:08:53.520-06:00  INFO 1888 --- [student-app] [main] o.h.c.internal.RegionFactoryInitiator    : HHH000026: Second-level cache disabled
2025-09-08T15:08:55.037-06:00  INFO 1888 --- [student-app] [main] o.s.o.j.p.SpringPersistenceUnitInfo      : No LoadTimeWeaver setup: ignoring JPA class transformer
2025-09-08T15:08:55.262-06:00  INFO 1888 --- [student-app] [main] com.zaxxer.hikari.HikariDataSource       : HikariPool-1 - Starting...
2025-09-08T15:08:57.550-06:00  INFO 1888 --- [student-app] [main] com.zaxxer.hikari.pool.HikariPool        : HikariPool-1 - Added connection com.mysql.cj.jdbc.ConnectionImpl@6315bb4
2025-09-08T15:08:57.558-06:00  INFO 1888 --- [student-app] [main] com.zaxxer.hikari.HikariDataSource       : HikariPool-1 - Start completed.
2025-09-08T15:08:57.989-06:00  WARN 1888 --- [student-app] [main] org.hibernate.orm.deprecation            : HHH90000025: MySQL8Dialect does not need to be specified explicitly using 'hibernate.dialect' (remove the property setting and it will be selected by default)
2025-09-08T15:08:57.994-06:00  WARN 1888 --- [student-app] [main] org.hibernate.orm.deprecation            : HHH90000026: MySQL8Dialect has been deprecated; use org.hibernate.dialect.MySQLDialect instead
2025-09-08T15:08:58.179-06:00  INFO 1888 --- [student-app] [main] org.hibernate.orm.connections.pooling    : HHH10001005: Database info:
	Database JDBC URL [Connecting through datasource 'HikariDataSource (HikariPool-1)']
	Database driver: undefined/unknown
	Database version: 8.0
	Autocommit mode: undefined/unknown
	Isolation level: undefined/unknown
	Minimum pool size: undefined/unknown
	Maximum pool size: undefined/unknown
2025-09-08T15:09:13.685-06:00  INFO 1888 --- [student-app] [main] o.h.e.t.j.p.i.JtaPlatformInitiator       : HHH000489: No JTA platform available (set 'hibernate.transaction.jta.platform' to enable JTA platform integration)
2025-09-08T15:09:14.015-06:00  INFO 1888 --- [student-app] [main] j.LocalContainerEntityManagerFactoryBean : Initialized JPA EntityManagerFactory for persistence unit 'default'
2025-09-08T15:09:15.010-06:00  WARN 1888 --- [student-app] [main] JpaBaseConfiguration$JpaWebConfiguration : spring.jpa.open-in-view is enabled by default. Therefore, database queries may be performed during view rendering. Explicitly configure spring.jpa.open-in-view to disable this warning
2025-09-08T15:09:15.194-06:00  INFO 1888 --- [student-app] [main] o.s.v.b.OptionalValidatorFactoryBean     : Failed to set up a Bean Validation provider: jakarta.validation.NoProviderFoundException: Unable to create a Configuration, because no Jakarta Bean Validation provider could be found. Add a provider like Hibernate Validator (RI) to your classpath.
2025-09-08T15:09:17.344-06:00  INFO 1888 --- [student-app] [main] o.s.b.a.e.web.EndpointLinksResolver      : Exposing 14 endpoints beneath base path '/actuator'
2025-09-08T15:09:17.751-06:00  INFO 1888 --- [student-app] [main] o.s.b.w.embedded.tomcat.TomcatWebServer  : Tomcat started on port 8080 (http) with context path '/'
2025-09-08T15:09:17.815-06:00  INFO 1888 --- [student-app] [main] org.student.app.StudentAppApplication    : Started StudentAppApplication in 41.651 seconds (process running for 43.278)
2025-09-08T15:09:39.917-06:00  INFO 1888 --- [student-app] [http-nio-8080-exec-2] o.a.c.c.C.[Tomcat].[localhost].[/]       : Initializing Spring DispatcherServlet 'dispatcherServlet'
2025-09-08T15:09:39.937-06:00  INFO 1888 --- [student-app] [http-nio-8080-exec-2] o.s.web.servlet.DispatcherServlet        : Initializing Servlet 'dispatcherServlet'
2025-09-08T15:09:39.944-06:00  INFO 1888 --- [student-app] [http-nio-8080-exec-2] o.s.web.servlet.DispatcherServlet        : Completed initialization in 4 ms
2025-09-08T15:09:40.334-06:00  INFO 1888 --- [student-app] [http-nio-8080-exec-2] o.s.app.controller.StudentController     : Fetching all students
2025-09-08T15:09:40.700-06:00 DEBUG 1888 --- [student-app] [http-nio-8080-exec-2] org.hibernate.SQL                        : 
    /* <criteria> */ select
        s1_0.id,
        s1_0.email,
        s1_0.name,
        s1_0.phone 
    from
        student s1_0
2025-09-08T15:09:46.107-06:00  INFO 1888 --- [student-app] [http-nio-8080-exec-1] o.s.app.controller.StudentController     : Showing add student form
2025-09-08T15:09:47.463-06:00  INFO 1888 --- [student-app] [http-nio-8080-exec-3] o.s.app.controller.StudentController     : Fetching all students
2025-09-08T15:09:47.469-06:00 DEBUG 1888 --- [student-app] [http-nio-8080-exec-3] org.hibernate.SQL                        : 
    /* <criteria> */ select
        s1_0.id,
        s1_0.email,
        s1_0.name,
        s1_0.phone 
    from
        student s1_0
2025-09-08T15:09:58.846-06:00  INFO 1888 --- [student-app] [http-nio-8080-exec-6] o.s.app.controller.StudentController     : Showing add student form
2025-09-08T15:10:22.856-06:00  INFO 1888 --- [student-app] [http-nio-8080-exec-7] o.s.app.controller.StudentController     : Adding new student: test
2025-09-08T15:10:23.021-06:00 DEBUG 1888 --- [student-app] [http-nio-8080-exec-7] org.hibernate.SQL                        : 
    /* insert for
        org.student.app.model.Student */insert 
    into
        student (email, name, phone) 
    values
        (?, ?, ?)
2025-09-08T15:10:23.362-06:00  INFO 1888 --- [student-app] [http-nio-8080-exec-8] o.s.app.controller.StudentController     : Fetching all students
2025-09-08T15:10:23.371-06:00 DEBUG 1888 --- [student-app] [http-nio-8080-exec-8] org.hibernate.SQL                        : 
    /* <criteria> */ select
        s1_0.id,
        s1_0.email,
        s1_0.name,
        s1_0.phone 
    from
        student s1_0
2025-09-08T15:10:28.547-06:00  WARN 1888 --- [student-app] [http-nio-8080-exec-9] .w.s.m.s.DefaultHandlerExceptionResolver : Resolved [org.springframework.web.HttpRequestMethodNotSupportedException: Request method 'POST' is not supported]
2025-09-08T15:12:59.201-06:00  INFO 1888 --- [student-app] [SpringApplicationShutdownHook] o.s.b.w.e.tomcat.GracefulShutdown        : Commencing graceful shutdown. Waiting for active requests to complete
2025-09-08T15:12:59.213-06:00  INFO 1888 --- [student-app] [tomcat-shutdown] o.s.b.w.e.tomcat.GracefulShutdown        : Graceful shutdown complete
2025-09-08T15:12:59.411-06:00  INFO 1888 --- [student-app] [SpringApplicationShutdownHook] j.LocalContainerEntityManagerFactoryBean : Closing JPA EntityManagerFactory for persistence unit 'default'
2025-09-08T15:12:59.522-06:00  INFO 1888 --- [student-app] [SpringApplicationShutdownHook] com.zaxxer.hikari.HikariDataSource       : HikariPool-1 - Shutdown initiated...
2025-09-08T15:12:59.728-06:00  INFO 1888 --- [student-app] [SpringApplicationShutdownHook] com.zaxxer.hikari.HikariDataSource       : HikariPool-1 - Shutdown completed.
2025-09-08T15:14:14.068-06:00  INFO 12376 --- [student-app] [main] org.student.app.StudentAppApplication    : Starting StudentAppApplication using Java 22.0.2 with PID 12376 (C:\Users\Ruben\Documents\VSCode\student-app\target\classes started by Ruben in C:\Users\Ruben\Documents\VSCode\student-app)
2025-09-08T15:14:14.081-06:00  INFO 12376 --- [student-app] [main] org.student.app.StudentAppApplication    : No active profile set, falling back to 1 default profile: "default"
2025-09-08T15:14:20.608-06:00  INFO 12376 --- [student-app] [main] .s.d.r.c.RepositoryConfigurationDelegate : Bootstrapping Spring Data JPA repositories in DEFAULT mode.
2025-09-08T15:14:20.929-06:00  INFO 12376 --- [student-app] [main] .s.d.r.c.RepositoryConfigurationDelegate : Finished Spring Data repository scanning in 242 ms. Found 1 JPA repository interface.
2025-09-08T15:14:25.944-06:00  INFO 12376 --- [student-app] [main] o.s.b.w.embedded.tomcat.TomcatWebServer  : Tomcat initialized with port 8080 (http)
2025-09-08T15:14:26.350-06:00  INFO 12376 --- [student-app] [main] o.apache.catalina.core.StandardService   : Starting service [Tomcat]
2025-09-08T15:14:26.352-06:00  INFO 12376 --- [student-app] [main] o.apache.catalina.core.StandardEngine    : Starting Servlet engine: [Apache Tomcat/10.1.42]
2025-09-08T15:14:27.793-06:00  INFO 12376 --- [student-app] [main] o.a.c.c.C.[Tomcat].[localhost].[/]       : Initializing Spring embedded WebApplicationContext
2025-09-08T15:14:27.794-06:00  INFO 12376 --- [student-app] [main] w.s.c.ServletWebServerApplicationContext : Root WebApplicationContext: initialization completed in 13315 ms
2025-09-08T15:14:30.430-06:00  INFO 12376 --- [student-app] [main] o.hibernate.jpa.internal.util.LogHelper  : HHH000204: Processing PersistenceUnitInfo [name: default]
2025-09-08T15:14:31.467-06:00  INFO 12376 --- [student-app] [main] org.hibernate.Version                    : HHH000412: Hibernate ORM core version 6.6.18.Final
2025-09-08T15:14:32.321-06:00  INFO 12376 --- [student-app] [main] o.h.c.internal.RegionFactoryInitiator    : HHH000026: Second-level cache disabled
2025-09-08T15:14:36.818-06:00  INFO 12376 --- [student-app] [main] o.s.o.j.p.SpringPersistenceUnitInfo      : No LoadTimeWeaver setup: ignoring JPA class transformer
2025-09-08T15:14:37.344-06:00  INFO 12376 --- [student-app] [main] com.zaxxer.hikari.HikariDataSource       : HikariPool-1 - Starting...
2025-09-08T15:14:46.566-06:00  INFO 12376 --- [student-app] [main] com.zaxxer.hikari.pool.HikariPool        : HikariPool-1 - Added connection com.mysql.cj.jdbc.ConnectionImpl@6315bb4
2025-09-08T15:14:46.603-06:00  INFO 12376 --- [student-app] [main] com.zaxxer.hikari.HikariDataSource       : HikariPool-1 - Start completed.
2025-09-08T15:14:47.767-06:00  WARN 12376 --- [student-app] [main] org.hibernate.orm.deprecation            : HHH90000025: MySQL8Dialect does not need to be specified explicitly using 'hibernate.dialect' (remove the property setting and it will be selected by default)
2025-09-08T15:14:47.774-06:00  WARN 12376 --- [student-app] [main] org.hibernate.orm.deprecation            : HHH90000026: MySQL8Dialect has been deprecated; use org.hibernate.dialect.MySQLDialect instead
2025-09-08T15:14:48.099-06:00  INFO 12376 --- [student-app] [main] org.hibernate.orm.connections.pooling    : HHH10001005: Database info:
	Database JDBC URL [Connecting through datasource 'HikariDataSource (HikariPool-1)']
	Database driver: undefined/unknown
	Database version: 8.0
	Autocommit mode: undefined/unknown
	Isolation level: undefined/unknown
	Minimum pool size: undefined/unknown
	Maximum pool size: undefined/unknown
2025-09-08T15:14:59.975-06:00  INFO 12376 --- [student-app] [main] o.h.e.t.j.p.i.JtaPlatformInitiator       : HHH000489: No JTA platform available (set 'hibernate.transaction.jta.platform' to enable JTA platform integration)
2025-09-08T15:15:00.299-06:00  INFO 12376 --- [student-app] [main] j.LocalContainerEntityManagerFactoryBean : Initialized JPA EntityManagerFactory for persistence unit 'default'
2025-09-08T15:15:01.108-06:00  WARN 12376 --- [student-app] [main] JpaBaseConfiguration$JpaWebConfiguration : spring.jpa.open-in-view is enabled by default. Therefore, database queries may be performed during view rendering. Explicitly configure spring.jpa.open-in-view to disable this warning
2025-09-08T15:15:01.486-06:00  INFO 12376 --- [student-app] [main] o.s.v.b.OptionalValidatorFactoryBean     : Failed to set up a Bean Validation provider: jakarta.validation.NoProviderFoundException: Unable to create a Configuration, because no Jakarta Bean Validation provider could be found. Add a provider like Hibernate Validator (RI) to your classpath.
2025-09-08T15:15:03.410-06:00  INFO 12376 --- [student-app] [main] o.s.b.a.e.web.EndpointLinksResolver      : Exposing 14 endpoints beneath base path '/actuator'
2025-09-08T15:15:03.951-06:00  INFO 12376 --- [student-app] [main] o.s.b.w.embedded.tomcat.TomcatWebServer  : Tomcat started on port 8080 (http) with context path '/'
2025-09-08T15:15:03.999-06:00  INFO 12376 --- [student-app] [main] org.student.app.StudentAppApplication    : Started StudentAppApplication in 52.699 seconds (process running for 54.469)
2025-09-08T15:16:00.630-06:00  INFO 12376 --- [student-app] [http-nio-8080-exec-1] o.a.c.c.C.[Tomcat].[localhost].[/]       : Initializing Spring DispatcherServlet 'dispatcherServlet'
2025-09-08T15:16:00.633-06:00  INFO 12376 --- [student-app] [http-nio-8080-exec-1] o.s.web.servlet.DispatcherServlet        : Initializing Servlet 'dispatcherServlet'
2025-09-08T15:16:00.641-06:00  INFO 12376 --- [student-app] [http-nio-8080-exec-1] o.s.web.servlet.DispatcherServlet        : Completed initialization in 5 ms
2025-09-08T15:16:01.316-06:00  INFO 12376 --- [student-app] [http-nio-8080-exec-1] o.s.app.controller.StudentController     : Fetching all students
2025-09-08T15:16:01.918-06:00 DEBUG 12376 --- [student-app] [http-nio-8080-exec-1] org.hibernate.SQL                        : 
    /* <criteria> */ select
        s1_0.id,
        s1_0.email,
        s1_0.name,
        s1_0.phone 
    from
        student s1_0
2025-09-08T15:16:07.100-06:00  INFO 12376 --- [student-app] [http-nio-8080-exec-2] o.s.app.controller.StudentController     : Deleting student with ID: 8
2025-09-08T15:16:07.264-06:00 DEBUG 12376 --- [student-app] [http-nio-8080-exec-2] org.hibernate.SQL                        : 
    select
        s1_0.id,
        s1_0.email,
        s1_0.name,
        s1_0.phone 
    from
        student s1_0 
    where
        s1_0.id=?
2025-09-08T15:16:07.516-06:00 DEBUG 12376 --- [student-app] [http-nio-8080-exec-2] org.hibernate.SQL                        : 
    /* delete for org.student.app.model.Student */delete 
    from
        student 
    where
        id=?
2025-09-08T15:16:09.694-06:00  INFO 12376 --- [student-app] [http-nio-8080-exec-3] o.s.app.controller.StudentController     : Fetching all students
2025-09-08T15:16:09.699-06:00 DEBUG 12376 --- [student-app] [http-nio-8080-exec-3] org.hibernate.SQL                        : 
    /* <criteria> */ select
        s1_0.id,
        s1_0.email,
        s1_0.name,
        s1_0.phone 
    from
        student s1_0
2025-09-08T15:29:12.876-06:00  INFO 12376 --- [student-app] [SpringApplicationShutdownHook] o.s.b.w.e.tomcat.GracefulShutdown        : Commencing graceful shutdown. Waiting for active requests to complete
2025-09-08T15:29:12.948-06:00  INFO 12376 --- [student-app] [tomcat-shutdown] o.s.b.w.e.tomcat.GracefulShutdown        : Graceful shutdown complete
2025-09-08T15:29:13.129-06:00  INFO 12376 --- [student-app] [SpringApplicationShutdownHook] j.LocalContainerEntityManagerFactoryBean : Closing JPA EntityManagerFactory for persistence unit 'default'
2025-09-08T15:29:13.386-06:00  INFO 12376 --- [student-app] [SpringApplicationShutdownHook] com.zaxxer.hikari.HikariDataSource       : HikariPool-1 - Shutdown initiated...
2025-09-08T15:29:13.607-06:00  INFO 12376 --- [student-app] [SpringApplicationShutdownHook] com.zaxxer.hikari.HikariDataSource       : HikariPool-1 - Shutdown completed.
2025-09-08T15:31:02.184-06:00  INFO 13204 --- [student-app] [main] org.student.app.StudentAppApplication    : Starting StudentAppApplication using Java 22.0.2 with PID 13204 (C:\Users\Ruben\Documents\VSCode\student-app\target\classes started by Ruben in C:\Users\Ruben\Documents\VSCode\student-app)
2025-09-08T15:31:02.241-06:00  INFO 13204 --- [student-app] [main] org.student.app.StudentAppApplication    : No active profile set, falling back to 1 default profile: "default"
2025-09-08T15:31:13.166-06:00  INFO 13204 --- [student-app] [main] .s.d.r.c.RepositoryConfigurationDelegate : Bootstrapping Spring Data JPA repositories in DEFAULT mode.
2025-09-08T15:31:13.471-06:00  INFO 13204 --- [student-app] [main] .s.d.r.c.RepositoryConfigurationDelegate : Finished Spring Data repository scanning in 243 ms. Found 1 JPA repository interface.
2025-09-08T15:31:17.355-06:00  INFO 13204 --- [student-app] [main] o.s.b.w.embedded.tomcat.TomcatWebServer  : Tomcat initialized with port 8080 (http)
2025-09-08T15:31:17.499-06:00  INFO 13204 --- [student-app] [main] o.apache.catalina.core.StandardService   : Starting service [Tomcat]
2025-09-08T15:31:17.501-06:00  INFO 13204 --- [student-app] [main] o.apache.catalina.core.StandardEngine    : Starting Servlet engine: [Apache Tomcat/10.1.42]
2025-09-08T15:31:18.042-06:00  INFO 13204 --- [student-app] [main] o.a.c.c.C.[Tomcat].[localhost].[/]       : Initializing Spring embedded WebApplicationContext
2025-09-08T15:31:18.044-06:00  INFO 13204 --- [student-app] [main] w.s.c.ServletWebServerApplicationContext : Root WebApplicationContext: initialization completed in 15311 ms
2025-09-08T15:31:25.676-06:00  INFO 13204 --- [student-app] [main] o.hibernate.jpa.internal.util.LogHelper  : HHH000204: Processing PersistenceUnitInfo [name: default]
2025-09-08T15:31:27.777-06:00  INFO 13204 --- [student-app] [main] org.hibernate.Version                    : HHH000412: Hibernate ORM core version 6.6.18.Final
2025-09-08T15:31:28.130-06:00  INFO 13204 --- [student-app] [main] o.h.c.internal.RegionFactoryInitiator    : HHH000026: Second-level cache disabled
2025-09-08T15:31:29.812-06:00  INFO 13204 --- [student-app] [main] o.s.o.j.p.SpringPersistenceUnitInfo      : No LoadTimeWeaver setup: ignoring JPA class transformer
2025-09-08T15:31:30.174-06:00  INFO 13204 --- [student-app] [main] com.zaxxer.hikari.HikariDataSource       : HikariPool-1 - Starting...
2025-09-08T15:31:33.700-06:00  INFO 13204 --- [student-app] [main] com.zaxxer.hikari.pool.HikariPool        : HikariPool-1 - Added connection com.mysql.cj.jdbc.ConnectionImpl@5972e3a
2025-09-08T15:31:33.772-06:00  INFO 13204 --- [student-app] [main] com.zaxxer.hikari.HikariDataSource       : HikariPool-1 - Start completed.
2025-09-08T15:31:34.683-06:00  WARN 13204 --- [student-app] [main] org.hibernate.orm.deprecation            : HHH90000025: MySQL8Dialect does not need to be specified explicitly using 'hibernate.dialect' (remove the property setting and it will be selected by default)
2025-09-08T15:31:34.712-06:00  WARN 13204 --- [student-app] [main] org.hibernate.orm.deprecation            : HHH90000026: MySQL8Dialect has been deprecated; use org.hibernate.dialect.MySQLDialect instead
2025-09-08T15:31:35.033-06:00  INFO 13204 --- [student-app] [main] org.hibernate.orm.connections.pooling    : HHH10001005: Database info:
	Database JDBC URL [Connecting through datasource 'HikariDataSource (HikariPool-1)']
	Database driver: undefined/unknown
	Database version: 8.0
	Autocommit mode: undefined/unknown
	Isolation level: undefined/unknown
	Minimum pool size: undefined/unknown
	Maximum pool size: undefined/unknown
2025-09-08T15:31:41.090-06:00  INFO 13204 --- [student-app] [main] o.h.e.t.j.p.i.JtaPlatformInitiator       : HHH000489: No JTA platform available (set 'hibernate.transaction.jta.platform' to enable JTA platform integration)
2025-09-08T15:31:41.566-06:00  INFO 13204 --- [student-app] [main] j.LocalContainerEntityManagerFactoryBean : Initialized JPA EntityManagerFactory for persistence unit 'default'
2025-09-08T15:31:43.103-06:00  WARN 13204 --- [student-app] [main] JpaBaseConfiguration$JpaWebConfiguration : spring.jpa.open-in-view is enabled by default. Therefore, database queries may be performed during view rendering. Explicitly configure spring.jpa.open-in-view to disable this warning
2025-09-08T15:31:43.360-06:00  INFO 13204 --- [student-app] [main] o.s.v.b.OptionalValidatorFactoryBean     : Failed to set up a Bean Validation provider: jakarta.validation.NoProviderFoundException: Unable to create a Configuration, because no Jakarta Bean Validation provider could be found. Add a provider like Hibernate Validator (RI) to your classpath.
2025-09-08T15:31:46.734-06:00  INFO 13204 --- [student-app] [main] o.s.b.a.e.web.EndpointLinksResolver      : Exposing 14 endpoints beneath base path '/actuator'
2025-09-08T15:31:47.554-06:00  INFO 13204 --- [student-app] [main] o.s.b.w.embedded.tomcat.TomcatWebServer  : Tomcat started on port 8080 (http) with context path '/'
2025-09-08T15:31:47.608-06:00  INFO 13204 --- [student-app] [main] org.student.app.StudentAppApplication    : Started StudentAppApplication in 51.197 seconds (process running for 54.048)
2025-09-08T15:35:31.141-06:00  INFO 13204 --- [student-app] [http-nio-8080-exec-1] o.a.c.c.C.[Tomcat].[localhost].[/]       : Initializing Spring DispatcherServlet 'dispatcherServlet'
2025-09-08T15:35:31.143-06:00  INFO 13204 --- [student-app] [http-nio-8080-exec-1] o.s.web.servlet.DispatcherServlet        : Initializing Servlet 'dispatcherServlet'
2025-09-08T15:35:31.148-06:00  INFO 13204 --- [student-app] [http-nio-8080-exec-1] o.s.web.servlet.DispatcherServlet        : Completed initialization in 3 ms
2025-09-08T15:35:31.703-06:00  INFO 13204 --- [student-app] [http-nio-8080-exec-1] o.s.app.controller.StudentController     : Fetching all students
2025-09-08T15:35:32.177-06:00 DEBUG 13204 --- [student-app] [http-nio-8080-exec-1] org.hibernate.SQL                        : 
    /* <criteria> */ select
        s1_0.id,
        s1_0.email,
        s1_0.name,
        s1_0.phone 
    from
        student s1_0
2025-09-08T15:35:35.651-06:00  INFO 13204 --- [student-app] [http-nio-8080-exec-2] o.s.app.controller.StudentController     : Showing add student form
2025-09-08T15:35:51.242-06:00  INFO 13204 --- [student-app] [http-nio-8080-exec-4] o.s.app.controller.StudentController     : Adding new student: test1
2025-09-08T15:35:51.490-06:00 DEBUG 13204 --- [student-app] [http-nio-8080-exec-4] org.hibernate.SQL                        : 
    /* insert for
        org.student.app.model.Student */insert 
    into
        student (email, name, phone) 
    values
        (?, ?, ?)
2025-09-08T15:35:51.954-06:00  INFO 13204 --- [student-app] [http-nio-8080-exec-5] o.s.app.controller.StudentController     : Fetching all students
2025-09-08T15:35:51.958-06:00 DEBUG 13204 --- [student-app] [http-nio-8080-exec-5] org.hibernate.SQL                        : 
    /* <criteria> */ select
        s1_0.id,
        s1_0.email,
        s1_0.name,
        s1_0.phone 
    from
        student s1_0
2025-09-08T15:35:57.020-06:00  INFO 13204 --- [student-app] [http-nio-8080-exec-7] o.s.app.controller.StudentController     : Deleting student with ID: 9
2025-09-08T15:35:57.075-06:00 DEBUG 13204 --- [student-app] [http-nio-8080-exec-7] org.hibernate.SQL                        : 
    select
        s1_0.id,
        s1_0.email,
        s1_0.name,
        s1_0.phone 
    from
        student s1_0 
    where
        s1_0.id=?
2025-09-08T15:35:57.107-06:00 DEBUG 13204 --- [student-app] [http-nio-8080-exec-7] org.hibernate.SQL                        : 
    /* delete for org.student.app.model.Student */delete 
    from
        student 
    where
        id=?
2025-09-08T15:35:57.292-06:00  INFO 13204 --- [student-app] [http-nio-8080-exec-8] o.s.app.controller.StudentController     : Fetching all students
2025-09-08T15:35:57.301-06:00 DEBUG 13204 --- [student-app] [http-nio-8080-exec-8] org.hibernate.SQL                        : 
    /* <criteria> */ select
        s1_0.id,
        s1_0.email,
        s1_0.name,
        s1_0.phone 
    from
        student s1_0
2025-09-08T15:38:48.032-06:00  INFO 13204 --- [student-app] [SpringApplicationShutdownHook] o.s.b.w.e.tomcat.GracefulShutdown        : Commencing graceful shutdown. Waiting for active requests to complete
2025-09-08T15:38:48.041-06:00  INFO 13204 --- [student-app] [tomcat-shutdown] o.s.b.w.e.tomcat.GracefulShutdown        : Graceful shutdown complete
2025-09-08T15:38:48.051-06:00  INFO 13204 --- [student-app] [SpringApplicationShutdownHook] j.LocalContainerEntityManagerFactoryBean : Closing JPA EntityManagerFactory for persistence unit 'default'
2025-09-08T15:38:48.114-06:00  INFO 13204 --- [student-app] [SpringApplicationShutdownHook] com.zaxxer.hikari.HikariDataSource       : HikariPool-1 - Shutdown initiated...
2025-09-08T15:38:48.213-06:00  INFO 13204 --- [student-app] [SpringApplicationShutdownHook] com.zaxxer.hikari.HikariDataSource       : HikariPool-1 - Shutdown completed.
2025-09-08T15:49:15.502-06:00  INFO 9028 --- [student-app] [main] org.student.app.StudentAppApplication    : Starting StudentAppApplication using Java 22.0.2 with PID 9028 (C:\Users\Ruben\Documents\VSCode\student-app\target\classes started by Ruben in C:\Users\Ruben\Documents\VSCode\student-app)
2025-09-08T15:49:15.559-06:00  INFO 9028 --- [student-app] [main] org.student.app.StudentAppApplication    : No active profile set, falling back to 1 default profile: "default"
2025-09-08T15:49:37.372-06:00  INFO 9028 --- [student-app] [main] .s.d.r.c.RepositoryConfigurationDelegate : Bootstrapping Spring Data JPA repositories in DEFAULT mode.
2025-09-08T15:49:38.794-06:00  INFO 9028 --- [student-app] [main] .s.d.r.c.RepositoryConfigurationDelegate : Finished Spring Data repository scanning in 1173 ms. Found 1 JPA repository interface.
2025-09-08T15:49:49.580-06:00  INFO 9028 --- [student-app] [main] o.s.b.w.embedded.tomcat.TomcatWebServer  : Tomcat initialized with port 8080 (http)
2025-09-08T15:49:50.016-06:00  INFO 9028 --- [student-app] [main] o.apache.catalina.core.StandardService   : Starting service [Tomcat]
2025-09-08T15:49:50.018-06:00  INFO 9028 --- [student-app] [main] o.apache.catalina.core.StandardEngine    : Starting Servlet engine: [Apache Tomcat/10.1.42]
2025-09-08T15:49:50.823-06:00  INFO 9028 --- [student-app] [main] o.a.c.c.C.[Tomcat].[localhost].[/]       : Initializing Spring embedded WebApplicationContext
2025-09-08T15:49:50.826-06:00  INFO 9028 --- [student-app] [main] w.s.c.ServletWebServerApplicationContext : Root WebApplicationContext: initialization completed in 34270 ms
2025-09-08T15:49:56.771-06:00  INFO 9028 --- [student-app] [main] o.hibernate.jpa.internal.util.LogHelper  : HHH000204: Processing PersistenceUnitInfo [name: default]
2025-09-08T15:49:57.854-06:00  INFO 9028 --- [student-app] [main] org.hibernate.Version                    : HHH000412: Hibernate ORM core version 6.6.18.Final
2025-09-08T15:49:58.167-06:00  INFO 9028 --- [student-app] [main] o.h.c.internal.RegionFactoryInitiator    : HHH000026: Second-level cache disabled
2025-09-08T15:50:06.225-06:00  INFO 9028 --- [student-app] [main] o.s.o.j.p.SpringPersistenceUnitInfo      : No LoadTimeWeaver setup: ignoring JPA class transformer
2025-09-08T15:50:07.051-06:00  INFO 9028 --- [student-app] [main] com.zaxxer.hikari.HikariDataSource       : HikariPool-1 - Starting...
2025-09-08T15:50:13.105-06:00  INFO 9028 --- [student-app] [main] com.zaxxer.hikari.pool.HikariPool        : HikariPool-1 - Added connection com.mysql.cj.jdbc.ConnectionImpl@32c6d164
2025-09-08T15:50:13.118-06:00  INFO 9028 --- [student-app] [main] com.zaxxer.hikari.HikariDataSource       : HikariPool-1 - Start completed.
2025-09-08T15:50:14.247-06:00  WARN 9028 --- [student-app] [main] org.hibernate.orm.deprecation            : HHH90000025: MySQL8Dialect does not need to be specified explicitly using 'hibernate.dialect' (remove the property setting and it will be selected by default)
2025-09-08T15:50:14.316-06:00  WARN 9028 --- [student-app] [main] org.hibernate.orm.deprecation            : HHH90000026: MySQL8Dialect has been deprecated; use org.hibernate.dialect.MySQLDialect instead
2025-09-08T15:50:14.761-06:00  INFO 9028 --- [student-app] [main] org.hibernate.orm.connections.pooling    : HHH10001005: Database info:
	Database JDBC URL [Connecting through datasource 'HikariDataSource (HikariPool-1)']
	Database driver: undefined/unknown
	Database version: 8.0
	Autocommit mode: undefined/unknown
	Isolation level: undefined/unknown
	Minimum pool size: undefined/unknown
	Maximum pool size: undefined/unknown
2025-09-08T15:50:29.254-06:00  INFO 9028 --- [student-app] [main] o.h.e.t.j.p.i.JtaPlatformInitiator       : HHH000489: No JTA platform available (set 'hibernate.transaction.jta.platform' to enable JTA platform integration)
2025-09-08T15:50:29.712-06:00  INFO 9028 --- [student-app] [main] j.LocalContainerEntityManagerFactoryBean : Initialized JPA EntityManagerFactory for persistence unit 'default'
2025-09-08T15:50:32.969-06:00  WARN 9028 --- [student-app] [main] JpaBaseConfiguration$JpaWebConfiguration : spring.jpa.open-in-view is enabled by default. Therefore, database queries may be performed during view rendering. Explicitly configure spring.jpa.open-in-view to disable this warning
2025-09-08T15:50:33.354-06:00  INFO 9028 --- [student-app] [main] o.s.v.b.OptionalValidatorFactoryBean     : Failed to set up a Bean Validation provider: jakarta.validation.NoProviderFoundException: Unable to create a Configuration, because no Jakarta Bean Validation provider could be found. Add a provider like Hibernate Validator (RI) to your classpath.
2025-09-08T15:50:41.144-06:00  INFO 9028 --- [student-app] [main] o.s.b.a.e.web.EndpointLinksResolver      : Exposing 14 endpoints beneath base path '/actuator'
2025-09-08T15:50:42.002-06:00  INFO 9028 --- [student-app] [main] o.s.b.w.embedded.tomcat.TomcatWebServer  : Tomcat started on port 8080 (http) with context path '/'
2025-09-08T15:50:42.059-06:00  INFO 9028 --- [student-app] [main] org.student.app.StudentAppApplication    : Started StudentAppApplication in 97.469 seconds (process running for 100.952)
2025-09-08T15:51:09.377-06:00  INFO 9028 --- [student-app] [http-nio-8080-exec-1] o.a.c.c.C.[Tomcat].[localhost].[/]       : Initializing Spring DispatcherServlet 'dispatcherServlet'
2025-09-08T15:51:09.378-06:00  INFO 9028 --- [student-app] [http-nio-8080-exec-1] o.s.web.servlet.DispatcherServlet        : Initializing Servlet 'dispatcherServlet'
2025-09-08T15:51:09.382-06:00  INFO 9028 --- [student-app] [http-nio-8080-exec-1] o.s.web.servlet.DispatcherServlet        : Completed initialization in 2 ms
2025-09-08T15:51:10.018-06:00  INFO 9028 --- [student-app] [http-nio-8080-exec-1] o.s.app.controller.StudentController     : Fetching all students
2025-09-08T15:51:10.607-06:00 DEBUG 9028 --- [student-app] [http-nio-8080-exec-1] org.hibernate.SQL                        : 
    /* <criteria> */ select
        s1_0.id,
        s1_0.email,
        s1_0.name,
        s1_0.phone 
    from
        student s1_0
2025-09-08T15:51:16.031-06:00  INFO 9028 --- [student-app] [http-nio-8080-exec-2] o.s.app.controller.StudentController     : Showing add student form
2025-09-08T15:51:49.788-06:00  INFO 9028 --- [student-app] [http-nio-8080-exec-4] o.s.app.controller.StudentController     : Fetching all students
2025-09-08T15:51:49.798-06:00 DEBUG 9028 --- [student-app] [http-nio-8080-exec-4] org.hibernate.SQL                        : 
    /* <criteria> */ select
        s1_0.id,
        s1_0.email,
        s1_0.name,
        s1_0.phone 
    from
        student s1_0
2025-09-08T15:51:51.383-06:00  INFO 9028 --- [student-app] [http-nio-8080-exec-5] o.s.app.controller.StudentController     : Showing edit student form for ID: 1
2025-09-08T15:51:51.442-06:00 DEBUG 9028 --- [student-app] [http-nio-8080-exec-5] org.hibernate.SQL                        : 
    select
        s1_0.id,
        s1_0.email,
        s1_0.name,
        s1_0.phone 
    from
        student s1_0 
    where
        s1_0.id=?
2025-09-08T15:55:03.390-06:00  INFO 9028 --- [student-app] [SpringApplicationShutdownHook] o.s.b.w.e.tomcat.GracefulShutdown        : Commencing graceful shutdown. Waiting for active requests to complete
2025-09-08T15:55:03.419-06:00  INFO 9028 --- [student-app] [tomcat-shutdown] o.s.b.w.e.tomcat.GracefulShutdown        : Graceful shutdown complete
2025-09-08T15:55:03.484-06:00  INFO 9028 --- [student-app] [SpringApplicationShutdownHook] j.LocalContainerEntityManagerFactoryBean : Closing JPA EntityManagerFactory for persistence unit 'default'
2025-09-08T15:55:03.526-06:00  INFO 9028 --- [student-app] [SpringApplicationShutdownHook] com.zaxxer.hikari.HikariDataSource       : HikariPool-1 - Shutdown initiated...
2025-09-08T15:55:03.696-06:00  INFO 9028 --- [student-app] [SpringApplicationShutdownHook] com.zaxxer.hikari.HikariDataSource       : HikariPool-1 - Shutdown completed.
2025-09-08T15:56:24.139-06:00  INFO 10924 --- [student-app] [main] org.student.app.StudentAppApplication    : Starting StudentAppApplication using Java 22.0.2 with PID 10924 (C:\Users\Ruben\Documents\VSCode\student-app\target\classes started by Ruben in C:\Users\Ruben\Documents\VSCode\student-app)
2025-09-08T15:56:24.151-06:00  INFO 10924 --- [student-app] [main] org.student.app.StudentAppApplication    : No active profile set, falling back to 1 default profile: "default"
2025-09-08T15:56:29.050-06:00  INFO 10924 --- [student-app] [main] .s.d.r.c.RepositoryConfigurationDelegate : Bootstrapping Spring Data JPA repositories in DEFAULT mode.
2025-09-08T15:56:29.287-06:00  INFO 10924 --- [student-app] [main] .s.d.r.c.RepositoryConfigurationDelegate : Finished Spring Data repository scanning in 197 ms. Found 1 JPA repository interface.
2025-09-08T15:56:31.353-06:00  INFO 10924 --- [student-app] [main] o.s.b.w.embedded.tomcat.TomcatWebServer  : Tomcat initialized with port 8080 (http)
2025-09-08T15:56:31.430-06:00  INFO 10924 --- [student-app] [main] o.apache.catalina.core.StandardService   : Starting service [Tomcat]
2025-09-08T15:56:31.434-06:00  INFO 10924 --- [student-app] [main] o.apache.catalina.core.StandardEngine    : Starting Servlet engine: [Apache Tomcat/10.1.42]
2025-09-08T15:56:31.751-06:00  INFO 10924 --- [student-app] [main] o.a.c.c.C.[Tomcat].[localhost].[/]       : Initializing Spring embedded WebApplicationContext
2025-09-08T15:56:31.753-06:00  INFO 10924 --- [student-app] [main] w.s.c.ServletWebServerApplicationContext : Root WebApplicationContext: initialization completed in 7323 ms
2025-09-08T15:56:32.848-06:00  INFO 10924 --- [student-app] [main] o.hibernate.jpa.internal.util.LogHelper  : HHH000204: Processing PersistenceUnitInfo [name: default]
2025-09-08T15:56:33.108-06:00  INFO 10924 --- [student-app] [main] org.hibernate.Version                    : HHH000412: Hibernate ORM core version 6.6.18.Final
2025-09-08T15:56:33.363-06:00  INFO 10924 --- [student-app] [main] o.h.c.internal.RegionFactoryInitiator    : HHH000026: Second-level cache disabled
2025-09-08T15:56:34.554-06:00  INFO 10924 --- [student-app] [main] o.s.o.j.p.SpringPersistenceUnitInfo      : No LoadTimeWeaver setup: ignoring JPA class transformer
2025-09-08T15:56:34.711-06:00  INFO 10924 --- [student-app] [main] com.zaxxer.hikari.HikariDataSource       : HikariPool-1 - Starting...
2025-09-08T15:56:36.206-06:00  INFO 10924 --- [student-app] [main] com.zaxxer.hikari.pool.HikariPool        : HikariPool-1 - Added connection com.mysql.cj.jdbc.ConnectionImpl@649009d6
2025-09-08T15:56:36.215-06:00  INFO 10924 --- [student-app] [main] com.zaxxer.hikari.HikariDataSource       : HikariPool-1 - Start completed.
2025-09-08T15:56:36.633-06:00  WARN 10924 --- [student-app] [main] org.hibernate.orm.deprecation            : HHH90000025: MySQL8Dialect does not need to be specified explicitly using 'hibernate.dialect' (remove the property setting and it will be selected by default)
2025-09-08T15:56:36.657-06:00  WARN 10924 --- [student-app] [main] org.hibernate.orm.deprecation            : HHH90000026: MySQL8Dialect has been deprecated; use org.hibernate.dialect.MySQLDialect instead
2025-09-08T15:56:36.860-06:00  INFO 10924 --- [student-app] [main] org.hibernate.orm.connections.pooling    : HHH10001005: Database info:
	Database JDBC URL [Connecting through datasource 'HikariDataSource (HikariPool-1)']
	Database driver: undefined/unknown
	Database version: 8.0
	Autocommit mode: undefined/unknown
	Isolation level: undefined/unknown
	Minimum pool size: undefined/unknown
	Maximum pool size: undefined/unknown
2025-09-08T15:56:40.130-06:00  INFO 10924 --- [student-app] [main] o.h.e.t.j.p.i.JtaPlatformInitiator       : HHH000489: No JTA platform available (set 'hibernate.transaction.jta.platform' to enable JTA platform integration)
2025-09-08T15:56:40.600-06:00  INFO 10924 --- [student-app] [main] j.LocalContainerEntityManagerFactoryBean : Initialized JPA EntityManagerFactory for persistence unit 'default'
2025-09-08T15:56:41.921-06:00  WARN 10924 --- [student-app] [main] JpaBaseConfiguration$JpaWebConfiguration : spring.jpa.open-in-view is enabled by default. Therefore, database queries may be performed during view rendering. Explicitly configure spring.jpa.open-in-view to disable this warning
2025-09-08T15:56:42.126-06:00  INFO 10924 --- [student-app] [main] o.s.v.b.OptionalValidatorFactoryBean     : Failed to set up a Bean Validation provider: jakarta.validation.NoProviderFoundException: Unable to create a Configuration, because no Jakarta Bean Validation provider could be found. Add a provider like Hibernate Validator (RI) to your classpath.
2025-09-08T15:56:44.413-06:00  INFO 10924 --- [student-app] [main] o.s.b.a.e.web.EndpointLinksResolver      : Exposing 14 endpoints beneath base path '/actuator'
2025-09-08T15:56:44.810-06:00  INFO 10924 --- [student-app] [main] o.s.b.w.embedded.tomcat.TomcatWebServer  : Tomcat started on port 8080 (http) with context path '/'
2025-09-08T15:56:44.894-06:00  INFO 10924 --- [student-app] [main] org.student.app.StudentAppApplication    : Started StudentAppApplication in 23.207 seconds (process running for 24.755)
2025-09-08T15:56:59.621-06:00  INFO 10924 --- [student-app] [http-nio-8080-exec-1] o.a.c.c.C.[Tomcat].[localhost].[/]       : Initializing Spring DispatcherServlet 'dispatcherServlet'
2025-09-08T15:56:59.624-06:00  INFO 10924 --- [student-app] [http-nio-8080-exec-1] o.s.web.servlet.DispatcherServlet        : Initializing Servlet 'dispatcherServlet'
2025-09-08T15:56:59.632-06:00  INFO 10924 --- [student-app] [http-nio-8080-exec-1] o.s.web.servlet.DispatcherServlet        : Completed initialization in 4 ms
2025-09-08T15:56:59.925-06:00  INFO 10924 --- [student-app] [http-nio-8080-exec-1] o.s.app.controller.StudentController     : Fetching all students
2025-09-08T15:57:00.311-06:00 DEBUG 10924 --- [student-app] [http-nio-8080-exec-1] org.hibernate.SQL                        : 
    /* <criteria> */ select
        s1_0.id,
        s1_0.email,
        s1_0.name,
        s1_0.phone 
    from
        student s1_0
2025-09-08T15:57:03.253-06:00  INFO 10924 --- [student-app] [http-nio-8080-exec-2] o.s.app.controller.StudentController     : Showing add student form
2025-09-08T15:57:05.997-06:00  INFO 10924 --- [student-app] [http-nio-8080-exec-4] o.s.app.controller.StudentController     : Fetching all students
2025-09-08T15:57:06.004-06:00 DEBUG 10924 --- [student-app] [http-nio-8080-exec-4] org.hibernate.SQL                        : 
    /* <criteria> */ select
        s1_0.id,
        s1_0.email,
        s1_0.name,
        s1_0.phone 
    from
        student s1_0
2025-09-08T15:57:07.595-06:00  INFO 10924 --- [student-app] [http-nio-8080-exec-5] o.s.app.controller.StudentController     : Showing edit student form for ID: 5
2025-09-08T15:57:07.657-06:00 DEBUG 10924 --- [student-app] [http-nio-8080-exec-5] org.hibernate.SQL                        : 
    select
        s1_0.id,
        s1_0.email,
        s1_0.name,
        s1_0.phone 
    from
        student s1_0 
    where
        s1_0.id=?
2025-09-08T15:57:09.520-06:00  INFO 10924 --- [student-app] [http-nio-8080-exec-6] o.s.app.controller.StudentController     : Fetching all students
2025-09-08T15:57:09.527-06:00 DEBUG 10924 --- [student-app] [http-nio-8080-exec-6] org.hibernate.SQL                        : 
    /* <criteria> */ select
        s1_0.id,
        s1_0.email,
        s1_0.name,
        s1_0.phone 
    from
        student s1_0
2025-09-08T15:57:10.833-06:00  INFO 10924 --- [student-app] [http-nio-8080-exec-7] o.s.app.controller.StudentController     : Showing add student form
2025-09-08T15:57:32.660-06:00  INFO 10924 --- [student-app] [http-nio-8080-exec-9] o.s.app.controller.StudentController     : Adding new student: test4
2025-09-08T15:57:32.836-06:00 DEBUG 10924 --- [student-app] [http-nio-8080-exec-9] org.hibernate.SQL                        : 
    /* insert for
        org.student.app.model.Student */insert 
    into
        student (email, name, phone) 
    values
        (?, ?, ?)
2025-09-08T15:57:33.165-06:00  INFO 10924 --- [student-app] [http-nio-8080-exec-10] o.s.app.controller.StudentController     : Fetching all students
2025-09-08T15:57:33.171-06:00 DEBUG 10924 --- [student-app] [http-nio-8080-exec-10] org.hibernate.SQL                        : 
    /* <criteria> */ select
        s1_0.id,
        s1_0.email,
        s1_0.name,
        s1_0.phone 
    from
        student s1_0
2025-09-08T15:57:36.502-06:00  INFO 10924 --- [student-app] [http-nio-8080-exec-2] o.s.app.controller.StudentController     : Showing edit student form for ID: 10
2025-09-08T15:57:36.517-06:00 DEBUG 10924 --- [student-app] [http-nio-8080-exec-2] org.hibernate.SQL                        : 
    select
        s1_0.id,
        s1_0.email,
        s1_0.name,
        s1_0.phone 
    from
        student s1_0 
    where
        s1_0.id=?
2025-09-08T15:57:41.123-06:00  INFO 10924 --- [student-app] [http-nio-8080-exec-3] o.s.app.controller.StudentController     : Editing student with ID: 10
2025-09-08T15:57:42.775-06:00 DEBUG 10924 --- [student-app] [http-nio-8080-exec-3] org.hibernate.SQL                        : 
    /* select
        count(*) 
    from
        Student x 
    WHERE
        x.id = :id */ select
            count(*) 
        from
            student s1_0 
        where
            s1_0.id=?
2025-09-08T15:57:42.803-06:00 DEBUG 10924 --- [student-app] [http-nio-8080-exec-3] org.hibernate.SQL                        : 
    select
        s1_0.id,
        s1_0.email,
        s1_0.name,
        s1_0.phone 
    from
        student s1_0 
    where
        s1_0.id=?
2025-09-08T15:57:42.830-06:00 DEBUG 10924 --- [student-app] [http-nio-8080-exec-3] org.hibernate.SQL                        : 
    /* update
        for org.student.app.model.Student */update student 
    set
        email=?,
        name=?,
        phone=? 
    where
        id=?
2025-09-08T15:57:43.108-06:00  INFO 10924 --- [student-app] [http-nio-8080-exec-4] o.s.app.controller.StudentController     : Fetching all students
2025-09-08T15:57:43.191-06:00 DEBUG 10924 --- [student-app] [http-nio-8080-exec-4] org.hibernate.SQL                        : 
    /* <criteria> */ select
        s1_0.id,
        s1_0.email,
        s1_0.name,
        s1_0.phone 
    from
        student s1_0
2025-09-08T15:57:47.269-06:00  INFO 10924 --- [student-app] [http-nio-8080-exec-6] o.s.app.controller.StudentController     : Deleting student with ID: 10
2025-09-08T15:57:47.292-06:00 DEBUG 10924 --- [student-app] [http-nio-8080-exec-6] org.hibernate.SQL                        : 
    select
        s1_0.id,
        s1_0.email,
        s1_0.name,
        s1_0.phone 
    from
        student s1_0 
    where
        s1_0.id=?
2025-09-08T15:57:47.464-06:00 DEBUG 10924 --- [student-app] [http-nio-8080-exec-6] org.hibernate.SQL                        : 
    /* delete for org.student.app.model.Student */delete 
    from
        student 
    where
        id=?
2025-09-08T15:57:47.630-06:00  INFO 10924 --- [student-app] [http-nio-8080-exec-7] o.s.app.controller.StudentController     : Fetching all students
2025-09-08T15:57:47.636-06:00 DEBUG 10924 --- [student-app] [http-nio-8080-exec-7] org.hibernate.SQL                        : 
    /* <criteria> */ select
        s1_0.id,
        s1_0.email,
        s1_0.name,
        s1_0.phone 
    from
        student s1_0
2025-09-08T15:57:50.431-06:00  INFO 10924 --- [student-app] [http-nio-8080-exec-8] o.s.app.controller.StudentController     : Showing add student form
2025-09-08T15:57:52.108-06:00  INFO 10924 --- [student-app] [http-nio-8080-exec-9] o.s.app.controller.StudentController     : Fetching all students
2025-09-08T15:57:52.115-06:00 DEBUG 10924 --- [student-app] [http-nio-8080-exec-9] org.hibernate.SQL                        : 
    /* <criteria> */ select
        s1_0.id,
        s1_0.email,
        s1_0.name,
        s1_0.phone 
    from
        student s1_0
2025-09-08T16:04:20.805-06:00  INFO 10924 --- [student-app] [SpringApplicationShutdownHook] o.s.b.w.e.tomcat.GracefulShutdown        : Commencing graceful shutdown. Waiting for active requests to complete
2025-09-08T16:04:20.837-06:00  INFO 10924 --- [student-app] [tomcat-shutdown] o.s.b.w.e.tomcat.GracefulShutdown        : Graceful shutdown complete
2025-09-08T16:04:20.878-06:00  INFO 10924 --- [student-app] [SpringApplicationShutdownHook] j.LocalContainerEntityManagerFactoryBean : Closing JPA EntityManagerFactory for persistence unit 'default'
2025-09-08T16:04:20.943-06:00  INFO 10924 --- [student-app] [SpringApplicationShutdownHook] com.zaxxer.hikari.HikariDataSource       : HikariPool-1 - Shutdown initiated...
2025-09-08T16:04:21.412-06:00  INFO 10924 --- [student-app] [SpringApplicationShutdownHook] com.zaxxer.hikari.HikariDataSource       : HikariPool-1 - Shutdown completed.
2025-09-08T16:06:25.329-06:00  INFO 5112 --- [student-app] [main] org.student.app.StudentAppApplication    : Starting StudentAppApplication using Java 22.0.2 with PID 5112 (C:\Users\Ruben\Documents\VSCode\student-app\target\classes started by Ruben in C:\Users\Ruben\Documents\VSCode\student-app)
2025-09-08T16:06:25.356-06:00  INFO 5112 --- [student-app] [main] org.student.app.StudentAppApplication    : No active profile set, falling back to 1 default profile: "default"
2025-09-08T16:06:38.066-06:00  INFO 5112 --- [student-app] [main] .s.d.r.c.RepositoryConfigurationDelegate : Bootstrapping Spring Data JPA repositories in DEFAULT mode.
2025-09-08T16:06:38.700-06:00  INFO 5112 --- [student-app] [main] .s.d.r.c.RepositoryConfigurationDelegate : Finished Spring Data repository scanning in 527 ms. Found 1 JPA repository interface.
2025-09-08T16:06:54.468-06:00  INFO 5112 --- [student-app] [main] o.s.b.w.embedded.tomcat.TomcatWebServer  : Tomcat initialized with port 8080 (http)
2025-09-08T16:06:55.136-06:00  INFO 5112 --- [student-app] [main] o.apache.catalina.core.StandardService   : Starting service [Tomcat]
2025-09-08T16:06:55.377-06:00  INFO 5112 --- [student-app] [main] o.apache.catalina.core.StandardEngine    : Starting Servlet engine: [Apache Tomcat/10.1.42]
2025-09-08T16:07:00.067-06:00  INFO 5112 --- [student-app] [main] o.a.c.c.C.[Tomcat].[localhost].[/]       : Initializing Spring embedded WebApplicationContext
2025-09-08T16:07:00.364-06:00  INFO 5112 --- [student-app] [main] w.s.c.ServletWebServerApplicationContext : Root WebApplicationContext: initialization completed in 34496 ms
2025-09-08T16:07:28.345-06:00  INFO 5112 --- [student-app] [main] o.hibernate.jpa.internal.util.LogHelper  : HHH000204: Processing PersistenceUnitInfo [name: default]
2025-09-08T16:07:34.507-06:00  INFO 5112 --- [student-app] [main] org.hibernate.Version                    : HHH000412: Hibernate ORM core version 6.6.18.Final
2025-09-08T16:07:36.125-06:00  INFO 5112 --- [student-app] [main] o.h.c.internal.RegionFactoryInitiator    : HHH000026: Second-level cache disabled
2025-09-08T16:07:43.755-06:00  INFO 5112 --- [student-app] [main] o.s.o.j.p.SpringPersistenceUnitInfo      : No LoadTimeWeaver setup: ignoring JPA class transformer
2025-09-08T16:07:44.195-06:00  INFO 5112 --- [student-app] [main] com.zaxxer.hikari.HikariDataSource       : HikariPool-1 - Starting...
2025-09-08T16:07:50.032-06:00  INFO 5112 --- [student-app] [main] com.zaxxer.hikari.pool.HikariPool        : HikariPool-1 - Added connection com.mysql.cj.jdbc.ConnectionImpl@5c930fc3
2025-09-08T16:07:50.364-06:00  INFO 5112 --- [student-app] [main] com.zaxxer.hikari.HikariDataSource       : HikariPool-1 - Start completed.
2025-09-08T16:07:51.596-06:00  WARN 5112 --- [student-app] [main] org.hibernate.orm.deprecation            : HHH90000025: MySQL8Dialect does not need to be specified explicitly using 'hibernate.dialect' (remove the property setting and it will be selected by default)
2025-09-08T16:07:51.658-06:00  WARN 5112 --- [student-app] [main] org.hibernate.orm.deprecation            : HHH90000026: MySQL8Dialect has been deprecated; use org.hibernate.dialect.MySQLDialect instead
2025-09-08T16:07:51.981-06:00  INFO 5112 --- [student-app] [main] org.hibernate.orm.connections.pooling    : HHH10001005: Database info:
	Database JDBC URL [Connecting through datasource 'HikariDataSource (HikariPool-1)']
	Database driver: undefined/unknown
	Database version: 8.0
	Autocommit mode: undefined/unknown
	Isolation level: undefined/unknown
	Minimum pool size: undefined/unknown
	Maximum pool size: undefined/unknown
2025-09-08T16:08:04.695-06:00  INFO 5112 --- [student-app] [main] o.h.e.t.j.p.i.JtaPlatformInitiator       : HHH000489: No JTA platform available (set 'hibernate.transaction.jta.platform' to enable JTA platform integration)
2025-09-08T16:08:04.981-06:00  INFO 5112 --- [student-app] [main] j.LocalContainerEntityManagerFactoryBean : Initialized JPA EntityManagerFactory for persistence unit 'default'
2025-09-08T16:08:08.947-06:00  WARN 5112 --- [student-app] [main] JpaBaseConfiguration$JpaWebConfiguration : spring.jpa.open-in-view is enabled by default. Therefore, database queries may be performed during view rendering. Explicitly configure spring.jpa.open-in-view to disable this warning
2025-09-08T16:08:10.216-06:00  INFO 5112 --- [student-app] [main] o.s.v.b.OptionalValidatorFactoryBean     : Failed to set up a Bean Validation provider: jakarta.validation.NoProviderFoundException: Unable to create a Configuration, because no Jakarta Bean Validation provider could be found. Add a provider like Hibernate Validator (RI) to your classpath.
2025-09-08T16:08:21.427-06:00  INFO 5112 --- [student-app] [main] o.s.b.a.e.web.EndpointLinksResolver      : Exposing 14 endpoints beneath base path '/actuator'
2025-09-08T16:08:24.230-06:00  INFO 5112 --- [student-app] [main] o.s.b.w.embedded.tomcat.TomcatWebServer  : Tomcat started on port 8080 (http) with context path '/'
2025-09-08T16:08:24.562-06:00  INFO 5112 --- [student-app] [main] org.student.app.StudentAppApplication    : Started StudentAppApplication in 125.189 seconds (process running for 130.333)
2025-09-08T16:08:32.857-06:00  INFO 5112 --- [student-app] [http-nio-8080-exec-2] o.a.c.c.C.[Tomcat].[localhost].[/]       : Initializing Spring DispatcherServlet 'dispatcherServlet'
2025-09-08T16:08:32.859-06:00  INFO 5112 --- [student-app] [http-nio-8080-exec-2] o.s.web.servlet.DispatcherServlet        : Initializing Servlet 'dispatcherServlet'
2025-09-08T16:08:32.865-06:00  INFO 5112 --- [student-app] [http-nio-8080-exec-2] o.s.web.servlet.DispatcherServlet        : Completed initialization in 3 ms
2025-09-08T16:08:33.686-06:00  INFO 5112 --- [student-app] [http-nio-8080-exec-2] o.s.app.controller.StudentController     : Fetching all students
2025-09-08T16:08:34.256-06:00 DEBUG 5112 --- [student-app] [http-nio-8080-exec-2] org.hibernate.SQL                        : 
    /* <criteria> */ select
        s1_0.id,
        s1_0.email,
        s1_0.name,
        s1_0.phone 
    from
        student s1_0
2025-09-08T16:09:25.821-06:00  INFO 5112 --- [student-app] [http-nio-8080-exec-4] o.s.app.controller.StudentController     : Showing edit student form for ID: 7
2025-09-08T16:09:25.865-06:00 DEBUG 5112 --- [student-app] [http-nio-8080-exec-4] org.hibernate.SQL                        : 
    select
        s1_0.id,
        s1_0.email,
        s1_0.name,
        s1_0.phone 
    from
        student s1_0 
    where
        s1_0.id=?
2025-09-08T16:09:32.742-06:00  INFO 5112 --- [student-app] [http-nio-8080-exec-5] o.s.app.controller.StudentController     : Editing student with ID: 7
2025-09-08T16:09:33.883-06:00 DEBUG 5112 --- [student-app] [http-nio-8080-exec-5] org.hibernate.SQL                        : 
    /* select
        count(*) 
    from
        Student x 
    WHERE
        x.id = :id */ select
            count(*) 
        from
            student s1_0 
        where
            s1_0.id=?
2025-09-08T16:09:33.962-06:00 DEBUG 5112 --- [student-app] [http-nio-8080-exec-5] org.hibernate.SQL                        : 
    select
        s1_0.id,
        s1_0.email,
        s1_0.name,
        s1_0.phone 
    from
        student s1_0 
    where
        s1_0.id=?
2025-09-08T16:09:34.040-06:00 DEBUG 5112 --- [student-app] [http-nio-8080-exec-5] org.hibernate.SQL                        : 
    /* update
        for org.student.app.model.Student */update student 
    set
        email=?,
        name=?,
        phone=? 
    where
        id=?
2025-09-08T16:09:34.191-06:00  INFO 5112 --- [student-app] [http-nio-8080-exec-6] o.s.app.controller.StudentController     : Fetching all students
2025-09-08T16:09:34.196-06:00 DEBUG 5112 --- [student-app] [http-nio-8080-exec-6] org.hibernate.SQL                        : 
    /* <criteria> */ select
        s1_0.id,
        s1_0.email,
        s1_0.name,
        s1_0.phone 
    from
        student s1_0
2025-09-08T16:12:19.568-06:00  INFO 5112 --- [student-app] [SpringApplicationShutdownHook] o.s.b.w.e.tomcat.GracefulShutdown        : Commencing graceful shutdown. Waiting for active requests to complete
2025-09-08T16:12:19.577-06:00  INFO 5112 --- [student-app] [tomcat-shutdown] o.s.b.w.e.tomcat.GracefulShutdown        : Graceful shutdown complete
2025-09-08T16:12:19.692-06:00  INFO 5112 --- [student-app] [SpringApplicationShutdownHook] j.LocalContainerEntityManagerFactoryBean : Closing JPA EntityManagerFactory for persistence unit 'default'
2025-09-08T16:12:19.764-06:00  INFO 5112 --- [student-app] [SpringApplicationShutdownHook] com.zaxxer.hikari.HikariDataSource       : HikariPool-1 - Shutdown initiated...
2025-09-08T16:12:19.930-06:00  INFO 5112 --- [student-app] [SpringApplicationShutdownHook] com.zaxxer.hikari.HikariDataSource       : HikariPool-1 - Shutdown completed.
2025-09-08T16:13:46.441-06:00  INFO 8092 --- [student-app] [main] org.student.app.StudentAppApplication    : Starting StudentAppApplication using Java 22.0.2 with PID 8092 (C:\Users\Ruben\Documents\VSCode\student-app\target\classes started by Ruben in C:\Users\Ruben\Documents\VSCode\student-app)
2025-09-08T16:13:46.448-06:00  INFO 8092 --- [student-app] [main] org.student.app.StudentAppApplication    : No active profile set, falling back to 1 default profile: "default"
2025-09-08T16:13:50.307-06:00  INFO 8092 --- [student-app] [main] .s.d.r.c.RepositoryConfigurationDelegate : Bootstrapping Spring Data JPA repositories in DEFAULT mode.
2025-09-08T16:13:50.571-06:00  INFO 8092 --- [student-app] [main] .s.d.r.c.RepositoryConfigurationDelegate : Finished Spring Data repository scanning in 149 ms. Found 1 JPA repository interface.
2025-09-08T16:13:52.886-06:00  INFO 8092 --- [student-app] [main] o.s.b.w.embedded.tomcat.TomcatWebServer  : Tomcat initialized with port 8080 (http)
2025-09-08T16:13:52.990-06:00  INFO 8092 --- [student-app] [main] o.apache.catalina.core.StandardService   : Starting service [Tomcat]
2025-09-08T16:13:52.991-06:00  INFO 8092 --- [student-app] [main] o.apache.catalina.core.StandardEngine    : Starting Servlet engine: [Apache Tomcat/10.1.42]
2025-09-08T16:13:53.354-06:00  INFO 8092 --- [student-app] [main] o.a.c.c.C.[Tomcat].[localhost].[/]       : Initializing Spring embedded WebApplicationContext
2025-09-08T16:13:53.356-06:00  INFO 8092 --- [student-app] [main] w.s.c.ServletWebServerApplicationContext : Root WebApplicationContext: initialization completed in 6744 ms
2025-09-08T16:13:54.355-06:00  INFO 8092 --- [student-app] [main] o.hibernate.jpa.internal.util.LogHelper  : HHH000204: Processing PersistenceUnitInfo [name: default]
2025-09-08T16:13:54.619-06:00  INFO 8092 --- [student-app] [main] org.hibernate.Version                    : HHH000412: Hibernate ORM core version 6.6.18.Final
2025-09-08T16:13:54.790-06:00  INFO 8092 --- [student-app] [main] o.h.c.internal.RegionFactoryInitiator    : HHH000026: Second-level cache disabled
2025-09-08T16:13:55.833-06:00  INFO 8092 --- [student-app] [main] o.s.o.j.p.SpringPersistenceUnitInfo      : No LoadTimeWeaver setup: ignoring JPA class transformer
2025-09-08T16:13:56.039-06:00  INFO 8092 --- [student-app] [main] com.zaxxer.hikari.HikariDataSource       : HikariPool-1 - Starting...
2025-09-08T16:13:58.933-06:00  INFO 8092 --- [student-app] [main] com.zaxxer.hikari.pool.HikariPool        : HikariPool-1 - Added connection com.mysql.cj.jdbc.ConnectionImpl@5972e3a
2025-09-08T16:13:58.938-06:00  INFO 8092 --- [student-app] [main] com.zaxxer.hikari.HikariDataSource       : HikariPool-1 - Start completed.
2025-09-08T16:13:59.586-06:00  WARN 8092 --- [student-app] [main] org.hibernate.orm.deprecation            : HHH90000025: MySQL8Dialect does not need to be specified explicitly using 'hibernate.dialect' (remove the property setting and it will be selected by default)
2025-09-08T16:13:59.621-06:00  WARN 8092 --- [student-app] [main] org.hibernate.orm.deprecation            : HHH90000026: MySQL8Dialect has been deprecated; use org.hibernate.dialect.MySQLDialect instead
2025-09-08T16:13:59.924-06:00  INFO 8092 --- [student-app] [main] org.hibernate.orm.connections.pooling    : HHH10001005: Database info:
	Database JDBC URL [Connecting through datasource 'HikariDataSource (HikariPool-1)']
	Database driver: undefined/unknown
	Database version: 8.0
	Autocommit mode: undefined/unknown
	Isolation level: undefined/unknown
	Minimum pool size: undefined/unknown
	Maximum pool size: undefined/unknown
2025-09-08T16:14:09.512-06:00  INFO 8092 --- [student-app] [main] o.h.e.t.j.p.i.JtaPlatformInitiator       : HHH000489: No JTA platform available (set 'hibernate.transaction.jta.platform' to enable JTA platform integration)
2025-09-08T16:14:10.588-06:00  INFO 8092 --- [student-app] [main] j.LocalContainerEntityManagerFactoryBean : Initialized JPA EntityManagerFactory for persistence unit 'default'
2025-09-08T16:14:11.564-06:00  WARN 8092 --- [student-app] [main] JpaBaseConfiguration$JpaWebConfiguration : spring.jpa.open-in-view is enabled by default. Therefore, database queries may be performed during view rendering. Explicitly configure spring.jpa.open-in-view to disable this warning
2025-09-08T16:14:11.686-06:00  INFO 8092 --- [student-app] [main] o.s.v.b.OptionalValidatorFactoryBean     : Failed to set up a Bean Validation provider: jakarta.validation.NoProviderFoundException: Unable to create a Configuration, because no Jakarta Bean Validation provider could be found. Add a provider like Hibernate Validator (RI) to your classpath.
2025-09-08T16:14:15.119-06:00  INFO 8092 --- [student-app] [main] o.s.b.a.e.web.EndpointLinksResolver      : Exposing 14 endpoints beneath base path '/actuator'
2025-09-08T16:14:16.356-06:00  INFO 8092 --- [student-app] [main] o.s.b.w.embedded.tomcat.TomcatWebServer  : Tomcat started on port 8080 (http) with context path '/'
2025-09-08T16:14:16.493-06:00  INFO 8092 --- [student-app] [main] org.student.app.StudentAppApplication    : Started StudentAppApplication in 33.809 seconds (process running for 37.064)
2025-09-08T16:14:32.979-06:00  INFO 8092 --- [student-app] [http-nio-8080-exec-2] o.a.c.c.C.[Tomcat].[localhost].[/]       : Initializing Spring DispatcherServlet 'dispatcherServlet'
2025-09-08T16:14:32.979-06:00  INFO 8092 --- [student-app] [http-nio-8080-exec-2] o.s.web.servlet.DispatcherServlet        : Initializing Servlet 'dispatcherServlet'
2025-09-08T16:14:32.983-06:00  INFO 8092 --- [student-app] [http-nio-8080-exec-2] o.s.web.servlet.DispatcherServlet        : Completed initialization in 2 ms
2025-09-08T16:14:33.772-06:00  INFO 8092 --- [student-app] [http-nio-8080-exec-2] o.s.app.controller.StudentController     : Fetching all students
2025-09-08T16:14:34.630-06:00 DEBUG 8092 --- [student-app] [http-nio-8080-exec-2] org.hibernate.SQL                        : 
    /* <criteria> */ select
        s1_0.id,
        s1_0.email,
        s1_0.name,
        s1_0.phone 
    from
        student s1_0
2025-09-08T16:14:38.913-06:00  INFO 8092 --- [student-app] [http-nio-8080-exec-1] o.s.app.controller.StudentController     : Showing add student form
2025-09-08T16:14:40.170-06:00  INFO 8092 --- [student-app] [http-nio-8080-exec-3] o.s.app.controller.StudentController     : Fetching all students
2025-09-08T16:14:40.179-06:00 DEBUG 8092 --- [student-app] [http-nio-8080-exec-3] org.hibernate.SQL                        : 
    /* <criteria> */ select
        s1_0.id,
        s1_0.email,
        s1_0.name,
        s1_0.phone 
    from
        student s1_0
2025-09-08T16:14:42.152-06:00  INFO 8092 --- [student-app] [http-nio-8080-exec-4] o.s.app.controller.StudentController     : Showing edit student form for ID: 7
2025-09-08T16:14:42.222-06:00 DEBUG 8092 --- [student-app] [http-nio-8080-exec-4] org.hibernate.SQL                        : 
    select
        s1_0.id,
        s1_0.email,
        s1_0.name,
        s1_0.phone 
    from
        student s1_0 
    where
        s1_0.id=?
2025-09-08T16:14:43.531-06:00  INFO 8092 --- [student-app] [http-nio-8080-exec-5] o.s.app.controller.StudentController     : Fetching all students
2025-09-08T16:14:43.538-06:00 DEBUG 8092 --- [student-app] [http-nio-8080-exec-5] org.hibernate.SQL                        : 
    /* <criteria> */ select
        s1_0.id,
        s1_0.email,
        s1_0.name,
        s1_0.phone 
    from
        student s1_0
2025-09-08T16:19:19.989-06:00  INFO 8092 --- [student-app] [SpringApplicationShutdownHook] o.s.b.w.e.tomcat.GracefulShutdown        : Commencing graceful shutdown. Waiting for active requests to complete
2025-09-08T16:19:20.209-06:00  INFO 8092 --- [student-app] [tomcat-shutdown] o.s.b.w.e.tomcat.GracefulShutdown        : Graceful shutdown complete
2025-09-08T16:19:20.220-06:00  INFO 8092 --- [student-app] [SpringApplicationShutdownHook] j.LocalContainerEntityManagerFactoryBean : Closing JPA EntityManagerFactory for persistence unit 'default'
2025-09-08T16:19:20.266-06:00  INFO 8092 --- [student-app] [SpringApplicationShutdownHook] com.zaxxer.hikari.HikariDataSource       : HikariPool-1 - Shutdown initiated...
2025-09-08T16:19:20.631-06:00  INFO 8092 --- [student-app] [SpringApplicationShutdownHook] com.zaxxer.hikari.HikariDataSource       : HikariPool-1 - Shutdown completed.
